131114  8:49:35 [Note] Plugin 'FEDERATED' is disabled.
131114  8:49:35 InnoDB: The InnoDB memory heap is disabled
131114  8:49:35 InnoDB: Mutexes and rw_locks use Windows interlocked functions
131114  8:49:35 InnoDB: Compressed tables use zlib 1.2.3
131114  8:49:35 InnoDB: Initializing buffer pool, size = 128.0M
131114  8:49:35 InnoDB: Completed initialization of buffer pool
InnoDB: The first specified data file \\be-fs-staff\staff\ken.wake\Desktop\usb webserver\USBWebserver v8.5\8.5\mysql\data\ibdata1 did not exist:
InnoDB: a new database to be created!
131114  8:49:35  InnoDB: Setting file \\be-fs-staff\staff\ken.wake\Desktop\usb webserver\USBWebserver v8.5\8.5\mysql\data\ibdata1 size to 10 MB
InnoDB: Database physically writes the file full: wait...
131114  8:49:36  InnoDB: Log file \\be-fs-staff\staff\ken.wake\Desktop\usb webserver\USBWebserver v8.5\8.5\mysql\data\ib_logfile0 did not exist: new to be created
InnoDB: Setting log file \\be-fs-staff\staff\ken.wake\Desktop\usb webserver\USBWebserver v8.5\8.5\mysql\data\ib_logfile0 size to 5 MB
InnoDB: Database physically writes the file full: wait...
131114  8:49:36  InnoDB: Log file \\be-fs-staff\staff\ken.wake\Desktop\usb webserver\USBWebserver v8.5\8.5\mysql\data\ib_logfile1 did not exist: new to be created
InnoDB: Setting log file \\be-fs-staff\staff\ken.wake\Desktop\usb webserver\USBWebserver v8.5\8.5\mysql\data\ib_logfile1 size to 5 MB
InnoDB: Database physically writes the file full: wait...
InnoDB: Doublewrite buffer not found: creating new
InnoDB: Doublewrite buffer created
InnoDB: 127 rollback segment(s) active.
InnoDB: Creating foreign key constraint system tables
InnoDB: Foreign key constraint system tables created
131114  8:49:38  InnoDB: Waiting for the background threads to start
131114  8:49:39 InnoDB: 1.1.8 started; log sequence number 0
131114  8:49:40 [Note] Event Scheduler: Loaded 0 events
131114  8:49:40 [Note] \\be-fs-staff\staff\ken.wake\Desktop\usb webserver\USBWebserver v8.5\8.5/mysql/bin/mysqld_usbwv8.exe: ready for connections.
Version: '5.5.20'  socket: ''  port: 3307  MySQL Community Server (GPL)
140108 14:36:17 [Note] Plugin 'FEDERATED' is disabled.
140108 14:36:17 InnoDB: The InnoDB memory heap is disabled
140108 14:36:17 InnoDB: Mutexes and rw_locks use Windows interlocked functions
140108 14:36:17 InnoDB: Compressed tables use zlib 1.2.3
140108 14:36:17 InnoDB: Initializing buffer pool, size = 128.0M
140108 14:36:17 InnoDB: Completed initialization of buffer pool
140108 14:36:17 InnoDB: highest supported file format is Barracuda.
InnoDB: The log sequence number in ibdata files does not match
InnoDB: the log sequence number in the ib_logfiles!
140108 14:36:17  InnoDB: Database was not shut down normally!
InnoDB: Starting crash recovery.
InnoDB: Reading tablespace information from the .ibd files...
InnoDB: Restoring possible half-written data pages from the doublewrite
InnoDB: buffer...
140108 14:36:18  InnoDB: Waiting for the background threads to start
140108 14:36:19 InnoDB: 1.1.8 started; log sequence number 1595675
140108 14:36:21 [Note] Event Scheduler: Loaded 0 events
140108 14:36:21 [Note] \\be-fs-staff\staff\ken.wake\Desktop\usb webserver\USBWebserver v8.5\8.5/mysql/bin/mysqld_usbwv8.exe: ready for connections.
Version: '5.5.20'  socket: ''  port: 3307  MySQL Community Server (GPL)
140108 14:36:56 [Note] Plugin 'FEDERATED' is disabled.
140108 14:36:56 InnoDB: The InnoDB memory heap is disabled
140108 14:36:56 InnoDB: Mutexes and rw_locks use Windows interlocked functions
140108 14:36:56 InnoDB: Compressed tables use zlib 1.2.3
140108 14:36:56 InnoDB: Initializing buffer pool, size = 128.0M
140108 14:36:56 InnoDB: Completed initialization of buffer pool
140108 14:36:56 InnoDB: highest supported file format is Barracuda.
InnoDB: The log sequence number in ibdata files does not match
InnoDB: the log sequence number in the ib_logfiles!
140108 14:36:56  InnoDB: Database was not shut down normally!
InnoDB: Starting crash recovery.
InnoDB: Reading tablespace information from the .ibd files...
InnoDB: Restoring possible half-written data pages from the doublewrite
InnoDB: buffer...
140108 14:36:57  InnoDB: Waiting for the background threads to start
140108 14:36:58 InnoDB: 1.1.8 started; log sequence number 1595675
140108 14:36:59 [Note] Event Scheduler: Loaded 0 events
140108 14:36:59 [Note] \\be-fs-staff\staff\ken.wake\Desktop\usb webserver\USBWebserver v8.5\8.5/mysql/bin/mysqld_usbwv8.exe: ready for connections.
Version: '5.5.20'  socket: ''  port: 3307  MySQL Community Server (GPL)
140108 14:37:01 [Note] Plugin 'FEDERATED' is disabled.
140108 14:37:01 InnoDB: The InnoDB memory heap is disabled
140108 14:37:01 InnoDB: Mutexes and rw_locks use Windows interlocked functions
140108 14:37:01 InnoDB: Compressed tables use zlib 1.2.3
140108 14:37:01 InnoDB: Initializing buffer pool, size = 128.0M
140108 14:37:01 InnoDB: Completed initialization of buffer pool
140108 14:37:01 InnoDB: highest supported file format is Barracuda.
InnoDB: The log sequence number in ibdata files does not match
InnoDB: the log sequence number in the ib_logfiles!
140108 14:37:01  InnoDB: Database was not shut down normally!
InnoDB: Starting crash recovery.
InnoDB: Reading tablespace information from the .ibd files...
InnoDB: Restoring possible half-written data pages from the doublewrite
InnoDB: buffer...
140108 14:37:02  InnoDB: Waiting for the background threads to start
140108 14:37:03 InnoDB: 1.1.8 started; log sequence number 1595675
140108 14:37:04 [Note] Event Scheduler: Loaded 0 events
140108 14:37:04 [Note] \\be-fs-staff\staff\ken.wake\Desktop\usb webserver\USBWebserver v8.5\8.5/mysql/bin/mysqld_usbwv8.exe: ready for connections.
Version: '5.5.20'  socket: ''  port: 3307  MySQL Community Server (GPL)
140108 14:37:20 [Note] Plugin 'FEDERATED' is disabled.
140108 14:37:20 InnoDB: The InnoDB memory heap is disabled
140108 14:37:20 InnoDB: Mutexes and rw_locks use Windows interlocked functions
140108 14:37:20 InnoDB: Compressed tables use zlib 1.2.3
140108 14:37:20 InnoDB: Initializing buffer pool, size = 128.0M
140108 14:37:20 InnoDB: Completed initialization of buffer pool
140108 14:37:20 InnoDB: highest supported file format is Barracuda.
InnoDB: The log sequence number in ibdata files does not match
InnoDB: the log sequence number in the ib_logfiles!
140108 14:37:20  InnoDB: Database was not shut down normally!
InnoDB: Starting crash recovery.
InnoDB: Reading tablespace information from the .ibd files...
InnoDB: Restoring possible half-written data pages from the doublewrite
InnoDB: buffer...
140108 14:37:21  InnoDB: Waiting for the background threads to start
140108 14:37:22 InnoDB: 1.1.8 started; log sequence number 1595675
140108 14:37:23 [Note] Event Scheduler: Loaded 0 events
140108 14:37:23 [Note] \\be-fs-staff\staff\ken.wake\Desktop\usb webserver\USBWebserver v8.5\8.5/mysql/bin/mysqld_usbwv8.exe: ready for connections.
Version: '5.5.20'  socket: ''  port: 3307  MySQL Community Server (GPL)
140704 10:10:36 [Note] Plugin 'FEDERATED' is disabled.
140704 10:10:36 InnoDB: The InnoDB memory heap is disabled
140704 10:10:36 InnoDB: Mutexes and rw_locks use Windows interlocked functions
140704 10:10:36 InnoDB: Compressed tables use zlib 1.2.3
140704 10:10:36 InnoDB: Initializing buffer pool, size = 128.0M
140704 10:10:36 InnoDB: Completed initialization of buffer pool
140704 10:10:36 InnoDB: highest supported file format is Barracuda.
InnoDB: The log sequence number in ibdata files does not match
InnoDB: the log sequence number in the ib_logfiles!
140704 10:10:36  InnoDB: Database was not shut down normally!
InnoDB: Starting crash recovery.
InnoDB: Reading tablespace information from the .ibd files...
InnoDB: Restoring possible half-written data pages from the doublewrite
InnoDB: buffer...
140704 10:10:37  InnoDB: Waiting for the background threads to start
140704 10:10:38 InnoDB: 1.1.8 started; log sequence number 1595675
140704 10:10:40 [Note] Event Scheduler: Loaded 0 events
140704 10:10:40 [Note] \\be-fs-staff\staff\ken.wake\Desktop\usb webserver\USBWebserver v8.5\8.5/mysql/bin/mysqld_usbwv8.exe: ready for connections.
Version: '5.5.20'  socket: ''  port: 3307  MySQL Community Server (GPL)
