140826 14:11:26 [Note] Plugin 'FEDERATED' is disabled.
140826 14:11:26 InnoDB: The InnoDB memory heap is disabled
140826 14:11:26 InnoDB: Mutexes and rw_locks use Windows interlocked functions
140826 14:11:26 InnoDB: Compressed tables use zlib 1.2.3
140826 14:11:26 InnoDB: Initializing buffer pool, size = 128.0M
140826 14:11:26 InnoDB: Completed initialization of buffer pool
140826 14:11:26 InnoDB: highest supported file format is Barracuda.
InnoDB: The log sequence number in ibdata files does not match
InnoDB: the log sequence number in the ib_logfiles!
140826 14:11:26  InnoDB: Database was not shut down normally!
InnoDB: Starting crash recovery.
InnoDB: Reading tablespace information from the .ibd files...
InnoDB: Restoring possible half-written data pages from the doublewrite
InnoDB: buffer...
140826 14:11:28  InnoDB: Waiting for the background threads to start
140826 14:11:29 InnoDB: 1.1.8 started; log sequence number 1603244
140826 14:11:31 [Note] Event Scheduler: Loaded 0 events
140826 14:11:31 [Note] \\be-fs-staff\staff\ken.wake\Desktop\Kens-Webserver/mysql/bin/mysqld_usbwv8.exe: ready for connections.
Version: '5.5.20'  socket: ''  port: 3307  MySQL Community Server (GPL)
140827 14:29:03 [Note] Plugin 'FEDERATED' is disabled.
140827 14:29:04 InnoDB: The InnoDB memory heap is disabled
140827 14:29:04 InnoDB: Mutexes and rw_locks use Windows interlocked functions
140827 14:29:04 InnoDB: Compressed tables use zlib 1.2.3
140827 14:29:04 InnoDB: Initializing buffer pool, size = 128.0M
140827 14:29:04 InnoDB: Completed initialization of buffer pool
140827 14:29:04 InnoDB: highest supported file format is Barracuda.
InnoDB: The log sequence number in ibdata files does not match
InnoDB: the log sequence number in the ib_logfiles!
140827 14:29:04  InnoDB: Database was not shut down normally!
InnoDB: Starting crash recovery.
InnoDB: Reading tablespace information from the .ibd files...
InnoDB: Restoring possible half-written data pages from the doublewrite
InnoDB: buffer...
140827 14:29:05  InnoDB: Waiting for the background threads to start
140827 14:29:06 InnoDB: 1.1.8 started; log sequence number 1603244
140827 14:29:08 [Note] Event Scheduler: Loaded 0 events
140827 14:29:08 [Note] \\be-fs-staff\staff\ken.wake\Desktop\Kens-Webserver/mysql/bin/mysqld_usbwv8.exe: ready for connections.
Version: '5.5.20'  socket: ''  port: 3307  MySQL Community Server (GPL)
140827 15:06:47 [Note] Plugin 'FEDERATED' is disabled.
140827 15:06:47 InnoDB: The InnoDB memory heap is disabled
140827 15:06:47 InnoDB: Mutexes and rw_locks use Windows interlocked functions
140827 15:06:47 InnoDB: Compressed tables use zlib 1.2.3
140827 15:06:47 InnoDB: Initializing buffer pool, size = 128.0M
140827 15:06:47 InnoDB: Completed initialization of buffer pool
140827 15:06:47 InnoDB: highest supported file format is Barracuda.
InnoDB: The log sequence number in ibdata files does not match
InnoDB: the log sequence number in the ib_logfiles!
140827 15:06:47  InnoDB: Database was not shut down normally!
InnoDB: Starting crash recovery.
InnoDB: Reading tablespace information from the .ibd files...
InnoDB: Restoring possible half-written data pages from the doublewrite
InnoDB: buffer...
140827 15:06:49  InnoDB: Waiting for the background threads to start
140827 15:06:50 InnoDB: 1.1.8 started; log sequence number 1606019
140827 15:06:51 [Note] Event Scheduler: Loaded 0 events
140827 15:06:51 [Note] \\be-fs-staff\staff\ken.wake\Desktop\Kens-Webserver/mysql/bin/mysqld_usbwv8.exe: ready for connections.
Version: '5.5.20'  socket: ''  port: 3307  MySQL Community Server (GPL)
140827 15:07:12 [Note] Plugin 'FEDERATED' is disabled.
140827 15:07:12 InnoDB: The InnoDB memory heap is disabled
140827 15:07:12 InnoDB: Mutexes and rw_locks use Windows interlocked functions
140827 15:07:12 InnoDB: Compressed tables use zlib 1.2.3
140827 15:07:12 InnoDB: Initializing buffer pool, size = 128.0M
140827 15:07:12 InnoDB: Completed initialization of buffer pool
140827 15:07:12 InnoDB: highest supported file format is Barracuda.
InnoDB: The log sequence number in ibdata files does not match
InnoDB: the log sequence number in the ib_logfiles!
140827 15:07:12  InnoDB: Database was not shut down normally!
InnoDB: Starting crash recovery.
InnoDB: Reading tablespace information from the .ibd files...
InnoDB: Restoring possible half-written data pages from the doublewrite
InnoDB: buffer...
140827 15:07:14  InnoDB: Waiting for the background threads to start
140827 15:07:15 InnoDB: 1.1.8 started; log sequence number 1606019
140827 15:07:15 [Note] Event Scheduler: Loaded 0 events
140827 15:07:15 [Note] \\be-fs-staff\staff\ken.wake\Desktop\Kens-Webserver/mysql/bin/mysqld_usbwv8.exe: ready for connections.
Version: '5.5.20'  socket: ''  port: 3306  MySQL Community Server (GPL)
140827 15:10:05 [Note] Plugin 'FEDERATED' is disabled.
140827 15:10:05 InnoDB: The InnoDB memory heap is disabled
140827 15:10:05 InnoDB: Mutexes and rw_locks use Windows interlocked functions
140827 15:10:05 InnoDB: Compressed tables use zlib 1.2.3
140827 15:10:05 InnoDB: Initializing buffer pool, size = 128.0M
140827 15:10:05 InnoDB: Completed initialization of buffer pool
140827 15:10:05 InnoDB: highest supported file format is Barracuda.
InnoDB: The log sequence number in ibdata files does not match
InnoDB: the log sequence number in the ib_logfiles!
140827 15:10:05  InnoDB: Database was not shut down normally!
InnoDB: Starting crash recovery.
InnoDB: Reading tablespace information from the .ibd files...
InnoDB: Restoring possible half-written data pages from the doublewrite
InnoDB: buffer...
140827 15:10:06  InnoDB: Waiting for the background threads to start
140827 15:10:07 InnoDB: 1.1.8 started; log sequence number 1606019
140827 15:10:08 [Note] Event Scheduler: Loaded 0 events
140827 15:10:08 [Note] \\be-fs-staff\staff\ken.wake\Desktop\Kens-Webserver/mysql/bin/mysqld_usbwv8.exe: ready for connections.
Version: '5.5.20'  socket: ''  port: 3306  MySQL Community Server (GPL)
140912 15:58:59 [Note] Plugin 'FEDERATED' is disabled.
140912 15:58:59 InnoDB: The InnoDB memory heap is disabled
140912 15:58:59 InnoDB: Mutexes and rw_locks use Windows interlocked functions
140912 15:58:59 InnoDB: Compressed tables use zlib 1.2.3
140912 15:58:59 InnoDB: Initializing buffer pool, size = 128.0M
140912 15:58:59 InnoDB: Completed initialization of buffer pool
140912 15:58:59 InnoDB: highest supported file format is Barracuda.
InnoDB: The log sequence number in ibdata files does not match
InnoDB: the log sequence number in the ib_logfiles!
140912 15:58:59  InnoDB: Database was not shut down normally!
InnoDB: Starting crash recovery.
InnoDB: Reading tablespace information from the .ibd files...
InnoDB: Restoring possible half-written data pages from the doublewrite
InnoDB: buffer...
140912 15:59:02  InnoDB: Waiting for the background threads to start
140912 15:59:03 InnoDB: 1.1.8 started; log sequence number 1607014
140912 15:59:05 [Note] Event Scheduler: Loaded 0 events
140912 15:59:05 [Note] \\be-fs-staff\staff\ken.wake\Desktop\Kens-Webserver/mysql/bin/mysqld_usbwv8.exe: ready for connections.
Version: '5.5.20'  socket: ''  port: 3306  MySQL Community Server (GPL)
140924 14:53:24 [Note] Plugin 'FEDERATED' is disabled.
140924 14:53:24 InnoDB: The InnoDB memory heap is disabled
140924 14:53:24 InnoDB: Mutexes and rw_locks use Windows interlocked functions
140924 14:53:24 InnoDB: Compressed tables use zlib 1.2.3
140924 14:53:24 InnoDB: Initializing buffer pool, size = 128.0M
140924 14:53:24 InnoDB: Completed initialization of buffer pool
140924 14:53:25 InnoDB: highest supported file format is Barracuda.
InnoDB: The log sequence number in ibdata files does not match
InnoDB: the log sequence number in the ib_logfiles!
140924 14:53:25  InnoDB: Database was not shut down normally!
InnoDB: Starting crash recovery.
InnoDB: Reading tablespace information from the .ibd files...
InnoDB: Restoring possible half-written data pages from the doublewrite
InnoDB: buffer...
140924 14:53:28  InnoDB: Waiting for the background threads to start
140924 14:53:29 InnoDB: 1.1.8 started; log sequence number 1607024
140924 14:53:31 [Note] Event Scheduler: Loaded 0 events
140924 14:53:31 [Note] \\be-fs-staff\staff\ken.wake\Desktop\Kens-Webserver/mysql/bin/mysqld_usbwv8.exe: ready for connections.
Version: '5.5.20'  socket: ''  port: 3306  MySQL Community Server (GPL)
140925 15:09:02 [Note] Plugin 'FEDERATED' is disabled.
140925 15:09:02 InnoDB: The InnoDB memory heap is disabled
140925 15:09:02 InnoDB: Mutexes and rw_locks use Windows interlocked functions
140925 15:09:02 InnoDB: Compressed tables use zlib 1.2.3
140925 15:09:02 InnoDB: Initializing buffer pool, size = 128.0M
140925 15:09:02 InnoDB: Completed initialization of buffer pool
140925 15:09:03 InnoDB: highest supported file format is Barracuda.
InnoDB: The log sequence number in ibdata files does not match
InnoDB: the log sequence number in the ib_logfiles!
140925 15:09:03  InnoDB: Database was not shut down normally!
InnoDB: Starting crash recovery.
InnoDB: Reading tablespace information from the .ibd files...
InnoDB: Restoring possible half-written data pages from the doublewrite
InnoDB: buffer...
140925 15:09:05  InnoDB: Waiting for the background threads to start
140925 15:09:06 InnoDB: 1.1.8 started; log sequence number 1607024
140925 15:09:08 [Note] Event Scheduler: Loaded 0 events
140925 15:09:08 [Note] \\be-fs-staff\staff\ken.wake\Desktop\Kens-Webserver/mysql/bin/mysqld_usbwv8.exe: ready for connections.
Version: '5.5.20'  socket: ''  port: 3306  MySQL Community Server (GPL)
141114 13:17:14 [Note] Plugin 'FEDERATED' is disabled.
141114 13:17:14 InnoDB: The InnoDB memory heap is disabled
141114 13:17:14 InnoDB: Mutexes and rw_locks use Windows interlocked functions
141114 13:17:14 InnoDB: Compressed tables use zlib 1.2.3
141114 13:17:14 InnoDB: Initializing buffer pool, size = 128.0M
141114 13:17:14 InnoDB: Completed initialization of buffer pool
141114 13:17:14 InnoDB: highest supported file format is Barracuda.
InnoDB: The log sequence number in ibdata files does not match
InnoDB: the log sequence number in the ib_logfiles!
141114 13:17:14  InnoDB: Database was not shut down normally!
InnoDB: Starting crash recovery.
InnoDB: Reading tablespace information from the .ibd files...
InnoDB: Restoring possible half-written data pages from the doublewrite
InnoDB: buffer...
141114 13:17:15  InnoDB: Waiting for the background threads to start
141114 13:17:16 InnoDB: 1.1.8 started; log sequence number 1639064
141114 13:17:17 [Note] Event Scheduler: Loaded 0 events
141114 13:17:17 [Note] E:\Kens-Webserver/mysql/bin/mysqld_usbwv8.exe: ready for connections.
Version: '5.5.20'  socket: ''  port: 3306  MySQL Community Server (GPL)
141119 15:44:25 [Note] Plugin 'FEDERATED' is disabled.
141119 15:44:25 InnoDB: The InnoDB memory heap is disabled
141119 15:44:25 InnoDB: Mutexes and rw_locks use Windows interlocked functions
141119 15:44:25 InnoDB: Compressed tables use zlib 1.2.3
141119 15:44:25 InnoDB: Initializing buffer pool, size = 128.0M
141119 15:44:25 InnoDB: Completed initialization of buffer pool
141119 15:44:25 InnoDB: highest supported file format is Barracuda.
InnoDB: The log sequence number in ibdata files does not match
InnoDB: the log sequence number in the ib_logfiles!
141119 15:44:25  InnoDB: Database was not shut down normally!
InnoDB: Starting crash recovery.
InnoDB: Reading tablespace information from the .ibd files...
InnoDB: Restoring possible half-written data pages from the doublewrite
InnoDB: buffer...
141119 15:44:26  InnoDB: Waiting for the background threads to start
141119 15:44:27 InnoDB: 1.1.8 started; log sequence number 1642104
141119 15:44:28 [Note] Event Scheduler: Loaded 0 events
141119 15:44:28 [Note] E:\Kens-Webserver/mysql/bin/mysqld_usbwv8.exe: ready for connections.
Version: '5.5.20'  socket: ''  port: 3306  MySQL Community Server (GPL)
141126 13:31:47 [Note] Plugin 'FEDERATED' is disabled.
141126 13:31:47 InnoDB: The InnoDB memory heap is disabled
141126 13:31:47 InnoDB: Mutexes and rw_locks use Windows interlocked functions
141126 13:31:47 InnoDB: Compressed tables use zlib 1.2.3
141126 13:31:47 InnoDB: Initializing buffer pool, size = 128.0M
141126 13:31:47 InnoDB: Completed initialization of buffer pool
141126 13:31:47 InnoDB: highest supported file format is Barracuda.
InnoDB: The log sequence number in ibdata files does not match
InnoDB: the log sequence number in the ib_logfiles!
141126 13:31:47  InnoDB: Database was not shut down normally!
InnoDB: Starting crash recovery.
InnoDB: Reading tablespace information from the .ibd files...
InnoDB: Restoring possible half-written data pages from the doublewrite
InnoDB: buffer...
141126 13:31:48  InnoDB: Waiting for the background threads to start
141126 13:31:49 InnoDB: 1.1.8 started; log sequence number 1642104
141126 13:31:50 [Note] Event Scheduler: Loaded 0 events
141126 13:31:50 [Note] E:\Kens-Webserver/mysql/bin/mysqld_usbwv8.exe: ready for connections.
Version: '5.5.20'  socket: ''  port: 3306  MySQL Community Server (GPL)
141128 13:06:53 [Note] Plugin 'FEDERATED' is disabled.
141128 13:06:53 InnoDB: The InnoDB memory heap is disabled
141128 13:06:53 InnoDB: Mutexes and rw_locks use Windows interlocked functions
141128 13:06:53 InnoDB: Compressed tables use zlib 1.2.3
141128 13:06:53 InnoDB: Initializing buffer pool, size = 128.0M
141128 13:06:53 InnoDB: Completed initialization of buffer pool
141128 13:06:53 InnoDB: highest supported file format is Barracuda.
InnoDB: The log sequence number in ibdata files does not match
InnoDB: the log sequence number in the ib_logfiles!
141128 13:06:53  InnoDB: Database was not shut down normally!
InnoDB: Starting crash recovery.
InnoDB: Reading tablespace information from the .ibd files...
InnoDB: Restoring possible half-written data pages from the doublewrite
InnoDB: buffer...
141128 13:06:54  InnoDB: Waiting for the background threads to start
141128 13:06:55 InnoDB: 1.1.8 started; log sequence number 1645315
141128 13:06:56 [Note] Event Scheduler: Loaded 0 events
141128 13:06:56 [Note] E:\Kens-Webserver/mysql/bin/mysqld_usbwv8.exe: ready for connections.
Version: '5.5.20'  socket: ''  port: 3306  MySQL Community Server (GPL)
150225 13:53:43 [Note] Plugin 'FEDERATED' is disabled.
150225 13:53:43 InnoDB: The InnoDB memory heap is disabled
150225 13:53:43 InnoDB: Mutexes and rw_locks use Windows interlocked functions
150225 13:53:43 InnoDB: Compressed tables use zlib 1.2.3
150225 13:53:43 InnoDB: Initializing buffer pool, size = 128.0M
150225 13:53:43 InnoDB: Completed initialization of buffer pool
150225 13:53:44 InnoDB: highest supported file format is Barracuda.
InnoDB: The log sequence number in ibdata files does not match
InnoDB: the log sequence number in the ib_logfiles!
150225 13:53:44  InnoDB: Database was not shut down normally!
InnoDB: Starting crash recovery.
InnoDB: Reading tablespace information from the .ibd files...
InnoDB: Restoring possible half-written data pages from the doublewrite
InnoDB: buffer...
150225 13:53:46  InnoDB: Waiting for the background threads to start
150225 13:53:47 InnoDB: 1.1.8 started; log sequence number 1652185
150225 13:53:49 [Note] Event Scheduler: Loaded 0 events
150225 13:53:49 [Note] S:\Information Technology\EDEXCEL HND 2015\unit 35-37 - Web App Development - Graphics\PHP-Webserver/mysql/bin/mysqld_usbwv8.exe: ready for connections.
Version: '5.5.20'  socket: ''  port: 3306  MySQL Community Server (GPL)
151006 14:18:15 [Note] Plugin 'FEDERATED' is disabled.
151006 14:18:15 InnoDB: The InnoDB memory heap is disabled
151006 14:18:15 InnoDB: Mutexes and rw_locks use Windows interlocked functions
151006 14:18:15 InnoDB: Compressed tables use zlib 1.2.3
151006 14:18:15 InnoDB: Initializing buffer pool, size = 128.0M
151006 14:18:15 InnoDB: Completed initialization of buffer pool
151006 14:18:15 InnoDB: highest supported file format is Barracuda.
InnoDB: The log sequence number in ibdata files does not match
InnoDB: the log sequence number in the ib_logfiles!
151006 14:18:15  InnoDB: Database was not shut down normally!
InnoDB: Starting crash recovery.
InnoDB: Reading tablespace information from the .ibd files...
InnoDB: Restoring possible half-written data pages from the doublewrite
InnoDB: buffer...
151006 14:18:17  InnoDB: Waiting for the background threads to start
151006 14:18:18 InnoDB: 1.1.8 started; log sequence number 1652185
151006 14:18:19 [Note] Event Scheduler: Loaded 0 events
151006 14:18:19 [Note] S:\Information Technology\EDEXCEL HND 2015\unit 35-37 - Web App Development - Graphics\PHP-Webserver/mysql/bin/mysqld_usbwv8.exe: ready for connections.
Version: '5.5.20'  socket: ''  port: 3306  MySQL Community Server (GPL)
151006 14:18:31 [Note] Plugin 'FEDERATED' is disabled.
151006 14:18:31 InnoDB: The InnoDB memory heap is disabled
151006 14:18:31 InnoDB: Mutexes and rw_locks use Windows interlocked functions
151006 14:18:31 InnoDB: Compressed tables use zlib 1.2.3
151006 14:18:31 InnoDB: Initializing buffer pool, size = 128.0M
151006 14:18:31 InnoDB: Completed initialization of buffer pool
151006 14:18:31 InnoDB: highest supported file format is Barracuda.
InnoDB: The log sequence number in ibdata files does not match
InnoDB: the log sequence number in the ib_logfiles!
151006 14:18:31  InnoDB: Database was not shut down normally!
InnoDB: Starting crash recovery.
InnoDB: Reading tablespace information from the .ibd files...
InnoDB: Restoring possible half-written data pages from the doublewrite
InnoDB: buffer...
151006 14:18:34  InnoDB: Waiting for the background threads to start
151006 14:18:35 InnoDB: 1.1.8 started; log sequence number 1652185
151006 14:18:35 [Note] Event Scheduler: Loaded 0 events
151006 14:18:35 [Note] S:\Information Technology\EDEXCEL HND 2015\unit 35-37 - Web App Development - Graphics\PHP-Webserver/mysql/bin/mysqld_usbwv8.exe: ready for connections.
Version: '5.5.20'  socket: ''  port: 3306  MySQL Community Server (GPL)
