160202  9:44:03 [Note] Plugin 'FEDERATED' is disabled.
160202  9:44:03 InnoDB: The InnoDB memory heap is disabled
160202  9:44:03 InnoDB: Mutexes and rw_locks use Windows interlocked functions
160202  9:44:03 InnoDB: Compressed tables use zlib 1.2.3
160202  9:44:03 InnoDB: Initializing buffer pool, size = 128.0M
160202  9:44:03 InnoDB: Completed initialization of buffer pool
160202  9:44:03 InnoDB: highest supported file format is Barracuda.
InnoDB: The log sequence number in ibdata files does not match
InnoDB: the log sequence number in the ib_logfiles!
160202  9:44:03  InnoDB: Database was not shut down normally!
InnoDB: Starting crash recovery.
InnoDB: Reading tablespace information from the .ibd files...
InnoDB: Restoring possible half-written data pages from the doublewrite
InnoDB: buffer...
160202  9:44:03  InnoDB: Waiting for the background threads to start
160202  9:44:04 InnoDB: 1.1.8 started; log sequence number 1861430
160202  9:44:05 [Note] Event Scheduler: Loaded 0 events
160202  9:44:05 [Note] E:\College Work\Year 2\Unit 4 - Project Design Implementation & Evaluation\PHP-Webserver/mysql/bin/mysqld_usbwv8.exe: ready for connections.
Version: '5.5.20'  socket: ''  port: 3306  MySQL Community Server (GPL)
160315  8:42:00 [Note] Plugin 'FEDERATED' is disabled.
160315  8:42:00 InnoDB: The InnoDB memory heap is disabled
160315  8:42:00 InnoDB: Mutexes and rw_locks use Windows interlocked functions
160315  8:42:00 InnoDB: Compressed tables use zlib 1.2.3
160315  8:42:00 InnoDB: Initializing buffer pool, size = 128.0M
160315  8:42:00 InnoDB: Completed initialization of buffer pool
160315  8:42:00 InnoDB: highest supported file format is Barracuda.
InnoDB: The log sequence number in ibdata files does not match
InnoDB: the log sequence number in the ib_logfiles!
160315  8:42:00  InnoDB: Database was not shut down normally!
InnoDB: Starting crash recovery.
InnoDB: Reading tablespace information from the .ibd files...
InnoDB: Restoring possible half-written data pages from the doublewrite
InnoDB: buffer...
160315  8:42:01  InnoDB: Waiting for the background threads to start
160315  8:42:02 InnoDB: 1.1.8 started; log sequence number 1969925
160315  8:42:02 [Note] Event Scheduler: Loaded 0 events
160315  8:42:02 [Note] E:\BikersWorldC-App\PHP-Webserver/mysql/bin/mysqld_usbwv8.exe: ready for connections.
Version: '5.5.20'  socket: ''  port: 3306  MySQL Community Server (GPL)
160315  9:27:53 [Note] Plugin 'FEDERATED' is disabled.
160315  9:27:53 InnoDB: The InnoDB memory heap is disabled
160315  9:27:53 InnoDB: Mutexes and rw_locks use Windows interlocked functions
160315  9:27:53 InnoDB: Compressed tables use zlib 1.2.3
160315  9:27:53 InnoDB: Initializing buffer pool, size = 128.0M
160315  9:27:53 InnoDB: Completed initialization of buffer pool
160315  9:27:53 InnoDB: highest supported file format is Barracuda.
InnoDB: The log sequence number in ibdata files does not match
InnoDB: the log sequence number in the ib_logfiles!
160315  9:27:53  InnoDB: Database was not shut down normally!
InnoDB: Starting crash recovery.
InnoDB: Reading tablespace information from the .ibd files...
InnoDB: Restoring possible half-written data pages from the doublewrite
InnoDB: buffer...
160315  9:27:53  InnoDB: Waiting for the background threads to start
160315  9:27:54 InnoDB: 1.1.8 started; log sequence number 1969935
160315  9:27:55 [Note] Event Scheduler: Loaded 0 events
160315  9:27:55 [Note] E:\BikersWorldC-App\PHP-Webserver/mysql/bin/mysqld_usbwv8.exe: ready for connections.
Version: '5.5.20'  socket: ''  port: 3306  MySQL Community Server (GPL)
160315 10:13:59 [Note] Plugin 'FEDERATED' is disabled.
160315 10:13:59 InnoDB: The InnoDB memory heap is disabled
160315 10:13:59 InnoDB: Mutexes and rw_locks use Windows interlocked functions
160315 10:13:59 InnoDB: Compressed tables use zlib 1.2.3
160315 10:13:59 InnoDB: Initializing buffer pool, size = 128.0M
160315 10:13:59 InnoDB: Completed initialization of buffer pool
160315 10:13:59 InnoDB: highest supported file format is Barracuda.
InnoDB: The log sequence number in ibdata files does not match
InnoDB: the log sequence number in the ib_logfiles!
160315 10:13:59  InnoDB: Database was not shut down normally!
InnoDB: Starting crash recovery.
InnoDB: Reading tablespace information from the .ibd files...
InnoDB: Restoring possible half-written data pages from the doublewrite
InnoDB: buffer...
160315 10:14:00  InnoDB: Waiting for the background threads to start
160315 10:14:01 InnoDB: 1.1.8 started; log sequence number 1969945
160315 10:14:01 [ERROR] Can't start server: Bind on TCP/IP port: No such file or directory
160315 10:14:01 [ERROR] Do you already have another mysqld server running on port: 3306 ?
160315 10:14:01 [ERROR] Aborting

160315 10:14:01  InnoDB: Starting shutdown...
160315 10:14:01  InnoDB: Shutdown completed; log sequence number 1969945
160315 10:14:01 [Note] E:\BikersWorldC-App\PHP-Webserver/mysql/bin/mysqld_usbwv8.exe: Shutdown complete

160315 10:16:33 [Note] Plugin 'FEDERATED' is disabled.
160315 10:16:33 InnoDB: The InnoDB memory heap is disabled
160315 10:16:33 InnoDB: Mutexes and rw_locks use Windows interlocked functions
160315 10:16:33 InnoDB: Compressed tables use zlib 1.2.3
160315 10:16:33 InnoDB: Initializing buffer pool, size = 128.0M
160315 10:16:33 InnoDB: Completed initialization of buffer pool
160315 10:16:33 InnoDB: highest supported file format is Barracuda.
160315 10:16:33  InnoDB: Waiting for the background threads to start
160315 10:16:34 InnoDB: 1.1.8 started; log sequence number 1969945
160315 10:16:34 [Note] Event Scheduler: Loaded 0 events
160315 10:16:34 [Note] E:\BikersWorldC-App\PHP-Webserver/mysql/bin/mysqld_usbwv8.exe: ready for connections.
Version: '5.5.20'  socket: ''  port: 3306  MySQL Community Server (GPL)
160315 11:19:20 [Note] Plugin 'FEDERATED' is disabled.
160315 11:19:20 InnoDB: The InnoDB memory heap is disabled
160315 11:19:20 InnoDB: Mutexes and rw_locks use Windows interlocked functions
160315 11:19:20 InnoDB: Compressed tables use zlib 1.2.3
160315 11:19:20 InnoDB: Initializing buffer pool, size = 128.0M
160315 11:19:20 InnoDB: Completed initialization of buffer pool
160315 11:19:20 InnoDB: highest supported file format is Barracuda.
InnoDB: The log sequence number in ibdata files does not match
InnoDB: the log sequence number in the ib_logfiles!
160315 11:19:20  InnoDB: Database was not shut down normally!
InnoDB: Starting crash recovery.
InnoDB: Reading tablespace information from the .ibd files...
InnoDB: Restoring possible half-written data pages from the doublewrite
InnoDB: buffer...
160315 11:19:21  InnoDB: Waiting for the background threads to start
160315 11:19:22 InnoDB: 1.1.8 started; log sequence number 1969955
160315 11:19:22 [Note] Event Scheduler: Loaded 0 events
160315 11:19:22 [Note] E:\BikersWorldC-App\PHP-Webserver/mysql/bin/mysqld_usbwv8.exe: ready for connections.
Version: '5.5.20'  socket: ''  port: 3306  MySQL Community Server (GPL)
