141113 15:14:46 [Note] Plugin 'FEDERATED' is disabled.
141113 15:14:46 InnoDB: The InnoDB memory heap is disabled
141113 15:14:46 InnoDB: Mutexes and rw_locks use Windows interlocked functions
141113 15:14:46 InnoDB: Compressed tables use zlib 1.2.3
141113 15:14:46 InnoDB: Initializing buffer pool, size = 128.0M
141113 15:14:46 InnoDB: Completed initialization of buffer pool
141113 15:14:46 InnoDB: highest supported file format is Barracuda.
InnoDB: The log sequence number in ibdata files does not match
InnoDB: the log sequence number in the ib_logfiles!
141113 15:14:46  InnoDB: Database was not shut down normally!
InnoDB: Starting crash recovery.
InnoDB: Reading tablespace information from the .ibd files...
InnoDB: Restoring possible half-written data pages from the doublewrite
InnoDB: buffer...
141113 15:14:47  InnoDB: Waiting for the background threads to start
141113 15:14:48 InnoDB: 1.1.8 started; log sequence number 1639054
141113 15:14:49 [Note] Event Scheduler: Loaded 0 events
141113 15:14:49 [Note] E:\Kens-Webserver/mysql/bin/mysqld_usbwv8.exe: ready for connections.
Version: '5.5.20'  socket: ''  port: 3306  MySQL Community Server (GPL)
141203  8:31:14 [Note] Plugin 'FEDERATED' is disabled.
141203  8:31:14 InnoDB: The InnoDB memory heap is disabled
141203  8:31:14 InnoDB: Mutexes and rw_locks use Windows interlocked functions
141203  8:31:14 InnoDB: Compressed tables use zlib 1.2.3
141203  8:31:14 InnoDB: Initializing buffer pool, size = 128.0M
141203  8:31:14 InnoDB: Completed initialization of buffer pool
141203  8:31:14 InnoDB: highest supported file format is Barracuda.
InnoDB: The log sequence number in ibdata files does not match
InnoDB: the log sequence number in the ib_logfiles!
141203  8:31:14  InnoDB: Database was not shut down normally!
InnoDB: Starting crash recovery.
InnoDB: Reading tablespace information from the .ibd files...
InnoDB: Restoring possible half-written data pages from the doublewrite
InnoDB: buffer...
141203  8:31:17  InnoDB: Waiting for the background threads to start
141203  8:31:18 InnoDB: 1.1.8 started; log sequence number 1651790
141203  8:31:19 [Note] Event Scheduler: Loaded 0 events
141203  8:31:19 [Note] \\be-fs-staff\staff\ken.wake\Desktop\Kens-Webserver/mysql/bin/mysqld_usbwv8.exe: ready for connections.
Version: '5.5.20'  socket: ''  port: 3306  MySQL Community Server (GPL)
141205 12:39:23 [Note] Plugin 'FEDERATED' is disabled.
141205 12:39:23 InnoDB: The InnoDB memory heap is disabled
141205 12:39:23 InnoDB: Mutexes and rw_locks use Windows interlocked functions
141205 12:39:23 InnoDB: Compressed tables use zlib 1.2.3
141205 12:39:23 InnoDB: Initializing buffer pool, size = 128.0M
141205 12:39:23 InnoDB: Completed initialization of buffer pool
141205 12:39:24 InnoDB: highest supported file format is Barracuda.
InnoDB: The log sequence number in ibdata files does not match
InnoDB: the log sequence number in the ib_logfiles!
141205 12:39:24  InnoDB: Database was not shut down normally!
InnoDB: Starting crash recovery.
InnoDB: Reading tablespace information from the .ibd files...
InnoDB: Restoring possible half-written data pages from the doublewrite
InnoDB: buffer...
141205 12:39:27  InnoDB: Waiting for the background threads to start
141205 12:39:28 InnoDB: 1.1.8 started; log sequence number 1651987
141205 12:39:30 [Note] Event Scheduler: Loaded 0 events
141205 12:39:30 [Note] \\be-fs-staff\staff\ken.wake\Desktop\PHP-Webserver/mysql/bin/mysqld_usbwv8.exe: ready for connections.
Version: '5.5.20'  socket: ''  port: 3306  MySQL Community Server (GPL)
