160316 13:19:37 [Note] Plugin 'FEDERATED' is disabled.
160316 13:19:37 InnoDB: The InnoDB memory heap is disabled
160316 13:19:37 InnoDB: Mutexes and rw_locks use Windows interlocked functions
160316 13:19:37 InnoDB: Compressed tables use zlib 1.2.3
160316 13:19:37 InnoDB: Initializing buffer pool, size = 128.0M
160316 13:19:37 InnoDB: Completed initialization of buffer pool
160316 13:19:37 InnoDB: highest supported file format is Barracuda.
InnoDB: The log sequence number in ibdata files does not match
InnoDB: the log sequence number in the ib_logfiles!
160316 13:19:37  InnoDB: Database was not shut down normally!
InnoDB: Starting crash recovery.
InnoDB: Reading tablespace information from the .ibd files...
InnoDB: Restoring possible half-written data pages from the doublewrite
InnoDB: buffer...
160316 13:19:37  InnoDB: Waiting for the background threads to start
160316 13:19:38 InnoDB: 1.1.8 started; log sequence number 1969965
160316 13:19:39 [Note] Event Scheduler: Loaded 0 events
160316 13:19:39 [Note] E:\PHP-Webserver/mysql/bin/mysqld_usbwv8.exe: ready for connections.
Version: '5.5.20'  socket: ''  port: 3306  MySQL Community Server (GPL)
160322  9:57:58 [Note] Plugin 'FEDERATED' is disabled.
160322  9:57:58 InnoDB: The InnoDB memory heap is disabled
160322  9:57:58 InnoDB: Mutexes and rw_locks use Windows interlocked functions
160322  9:57:58 InnoDB: Compressed tables use zlib 1.2.3
160322  9:57:58 InnoDB: Initializing buffer pool, size = 128.0M
160322  9:57:58 InnoDB: Completed initialization of buffer pool
160322  9:57:59 InnoDB: highest supported file format is Barracuda.
InnoDB: The log sequence number in ibdata files does not match
InnoDB: the log sequence number in the ib_logfiles!
160322  9:57:59  InnoDB: Database was not shut down normally!
InnoDB: Starting crash recovery.
InnoDB: Reading tablespace information from the .ibd files...
InnoDB: Restoring possible half-written data pages from the doublewrite
InnoDB: buffer...
160322  9:57:59  InnoDB: Waiting for the background threads to start
160322  9:58:00 InnoDB: 1.1.8 started; log sequence number 1969975
160322  9:58:01 [Note] Event Scheduler: Loaded 0 events
160322  9:58:01 [Note] E:\PHP-Webserver/mysql/bin/mysqld_usbwv8.exe: ready for connections.
Version: '5.5.20'  socket: ''  port: 3306  MySQL Community Server (GPL)
