131128 15:20:28 [Note] Plugin 'FEDERATED' is disabled.
131128 15:20:28 InnoDB: The InnoDB memory heap is disabled
131128 15:20:28 InnoDB: Mutexes and rw_locks use Windows interlocked functions
131128 15:20:28 InnoDB: Compressed tables use zlib 1.2.3
131128 15:20:28 InnoDB: Initializing buffer pool, size = 128.0M
131128 15:20:28 InnoDB: Completed initialization of buffer pool
131128 15:20:28 InnoDB: highest supported file format is Barracuda.
InnoDB: The log sequence number in ibdata files does not match
InnoDB: the log sequence number in the ib_logfiles!
131128 15:20:28  InnoDB: Database was not shut down normally!
InnoDB: Starting crash recovery.
InnoDB: Reading tablespace information from the .ibd files...
InnoDB: Restoring possible half-written data pages from the doublewrite
InnoDB: buffer...
131128 15:20:29  InnoDB: Waiting for the background threads to start
131128 15:20:30 InnoDB: 1.1.8 started; log sequence number 1595675
131128 15:20:32 [Note] Event Scheduler: Loaded 0 events
131128 15:20:32 [Note] \\be-fs-staff\staff\ken.wake\Desktop\usb webserver\USBWebserver v8.5\8.5/mysql/bin/mysqld_usbwv8.exe: ready for connections.
Version: '5.5.20'  socket: ''  port: 3307  MySQL Community Server (GPL)
131128 15:20:58 [Note] Plugin 'FEDERATED' is disabled.
131128 15:20:58 InnoDB: The InnoDB memory heap is disabled
131128 15:20:58 InnoDB: Mutexes and rw_locks use Windows interlocked functions
131128 15:20:58 InnoDB: Compressed tables use zlib 1.2.3
131128 15:20:58 InnoDB: Initializing buffer pool, size = 128.0M
131128 15:20:58 InnoDB: Completed initialization of buffer pool
131128 15:20:58 InnoDB: highest supported file format is Barracuda.
InnoDB: The log sequence number in ibdata files does not match
InnoDB: the log sequence number in the ib_logfiles!
131128 15:20:58  InnoDB: Database was not shut down normally!
InnoDB: Starting crash recovery.
InnoDB: Reading tablespace information from the .ibd files...
InnoDB: Restoring possible half-written data pages from the doublewrite
InnoDB: buffer...
131128 15:20:59  InnoDB: Waiting for the background threads to start
131128 15:21:00 InnoDB: 1.1.8 started; log sequence number 1595675
131128 15:21:01 [Note] Event Scheduler: Loaded 0 events
131128 15:21:01 [Note] \\be-fs-staff\staff\ken.wake\Desktop\usb webserver\USBWebserver v8.5\8.5/mysql/bin/mysqld_usbwv8.exe: ready for connections.
Version: '5.5.20'  socket: ''  port: 3307  MySQL Community Server (GPL)
131128 15:24:08 [Note] Plugin 'FEDERATED' is disabled.
131128 15:24:08 InnoDB: The InnoDB memory heap is disabled
131128 15:24:08 InnoDB: Mutexes and rw_locks use Windows interlocked functions
131128 15:24:08 InnoDB: Compressed tables use zlib 1.2.3
131128 15:24:08 InnoDB: Initializing buffer pool, size = 128.0M
131128 15:24:09 InnoDB: Completed initialization of buffer pool
131128 15:24:09 InnoDB: highest supported file format is Barracuda.
InnoDB: The log sequence number in ibdata files does not match
InnoDB: the log sequence number in the ib_logfiles!
131128 15:24:09  InnoDB: Database was not shut down normally!
InnoDB: Starting crash recovery.
InnoDB: Reading tablespace information from the .ibd files...
InnoDB: Restoring possible half-written data pages from the doublewrite
InnoDB: buffer...
131128 15:24:09  InnoDB: Waiting for the background threads to start
131128 15:24:10 InnoDB: 1.1.8 started; log sequence number 1595675
131128 15:24:11 [Note] Event Scheduler: Loaded 0 events
131128 15:24:11 [Note] \\be-fs-staff\staff\ken.wake\Desktop\usb webserver\USBWebserver v8.5\8.5/mysql/bin/mysqld_usbwv8.exe: ready for connections.
Version: '5.5.20'  socket: ''  port: 3307  MySQL Community Server (GPL)
