160224 13:40:05 [Note] Plugin 'FEDERATED' is disabled.
160224 13:40:05 InnoDB: The InnoDB memory heap is disabled
160224 13:40:05 InnoDB: Mutexes and rw_locks use Windows interlocked functions
160224 13:40:05 InnoDB: Compressed tables use zlib 1.2.3
160224 13:40:05 InnoDB: Initializing buffer pool, size = 128.0M
160224 13:40:05 InnoDB: Completed initialization of buffer pool
160224 13:40:05 InnoDB: highest supported file format is Barracuda.
InnoDB: The log sequence number in ibdata files does not match
InnoDB: the log sequence number in the ib_logfiles!
160224 13:40:05  InnoDB: Database was not shut down normally!
InnoDB: Starting crash recovery.
InnoDB: Reading tablespace information from the .ibd files...
InnoDB: Restoring possible half-written data pages from the doublewrite
InnoDB: buffer...
160224 13:40:06  InnoDB: Waiting for the background threads to start
160224 13:40:07 InnoDB: 1.1.8 started; log sequence number 1968270
160224 13:42:45 [Note] Plugin 'FEDERATED' is disabled.
160224 13:42:45 InnoDB: The InnoDB memory heap is disabled
160224 13:42:45 InnoDB: Mutexes and rw_locks use Windows interlocked functions
160224 13:42:45 InnoDB: Compressed tables use zlib 1.2.3
160224 13:42:45 InnoDB: Initializing buffer pool, size = 128.0M
160224 13:42:45 InnoDB: Completed initialization of buffer pool
160224 13:42:45 InnoDB: highest supported file format is Barracuda.
InnoDB: The log sequence number in ibdata files does not match
InnoDB: the log sequence number in the ib_logfiles!
160224 13:42:45  InnoDB: Database was not shut down normally!
InnoDB: Starting crash recovery.
InnoDB: Reading tablespace information from the .ibd files...
InnoDB: Restoring possible half-written data pages from the doublewrite
InnoDB: buffer...
160224 13:42:45  InnoDB: Waiting for the background threads to start
160224 13:42:46 InnoDB: 1.1.8 started; log sequence number 1968280
160309 13:04:13 [Note] Plugin 'FEDERATED' is disabled.
160309 13:04:13 InnoDB: The InnoDB memory heap is disabled
160309 13:04:13 InnoDB: Mutexes and rw_locks use Windows interlocked functions
160309 13:04:13 InnoDB: Compressed tables use zlib 1.2.3
160309 13:04:13 InnoDB: Initializing buffer pool, size = 128.0M
160309 13:04:13 InnoDB: Completed initialization of buffer pool
160309 13:04:13 InnoDB: highest supported file format is Barracuda.
InnoDB: The log sequence number in ibdata files does not match
InnoDB: the log sequence number in the ib_logfiles!
160309 13:04:13  InnoDB: Database was not shut down normally!
InnoDB: Starting crash recovery.
InnoDB: Reading tablespace information from the .ibd files...
InnoDB: Restoring possible half-written data pages from the doublewrite
InnoDB: buffer...
160309 13:04:14  InnoDB: Waiting for the background threads to start
160309 13:04:15 InnoDB: 1.1.8 started; log sequence number 1969885
160309 14:14:14 [Note] Plugin 'FEDERATED' is disabled.
160309 14:14:14 InnoDB: The InnoDB memory heap is disabled
160309 14:14:14 InnoDB: Mutexes and rw_locks use Windows interlocked functions
160309 14:14:14 InnoDB: Compressed tables use zlib 1.2.3
160309 14:14:14 InnoDB: Initializing buffer pool, size = 128.0M
160309 14:14:14 InnoDB: Completed initialization of buffer pool
160309 14:14:14 InnoDB: highest supported file format is Barracuda.
InnoDB: The log sequence number in ibdata files does not match
InnoDB: the log sequence number in the ib_logfiles!
160309 14:14:14  InnoDB: Database was not shut down normally!
InnoDB: Starting crash recovery.
InnoDB: Reading tablespace information from the .ibd files...
InnoDB: Restoring possible half-written data pages from the doublewrite
InnoDB: buffer...
160309 14:14:15  InnoDB: Waiting for the background threads to start
160309 14:14:16 InnoDB: 1.1.8 started; log sequence number 1969895
160309 14:14:17 [Note] Event Scheduler: Loaded 0 events
160309 14:14:17 [Note] E:\BikersWorldC-App\PHP-Webserver/mysql/bin/mysqld_usbwv8.exe: ready for connections.
Version: '5.5.20'  socket: ''  port: 3306  MySQL Community Server (GPL)
