160317  0:22:30 [Note] Plugin 'FEDERATED' is disabled.
160317  0:22:30 InnoDB: The InnoDB memory heap is disabled
160317  0:22:30 InnoDB: Mutexes and rw_locks use Windows interlocked functions
160317  0:22:30 InnoDB: Compressed tables use zlib 1.2.3
160317  0:22:30 InnoDB: Initializing buffer pool, size = 128.0M
160317  0:22:30 InnoDB: Completed initialization of buffer pool
160317  0:22:30 InnoDB: highest supported file format is Barracuda.
InnoDB: The log sequence number in ibdata files does not match
InnoDB: the log sequence number in the ib_logfiles!
160317  0:22:30  InnoDB: Database was not shut down normally!
InnoDB: Starting crash recovery.
InnoDB: Reading tablespace information from the .ibd files...
InnoDB: Restoring possible half-written data pages from the doublewrite
InnoDB: buffer...
160317  0:22:30  InnoDB: Waiting for the background threads to start
160317  0:22:31 InnoDB: 1.1.8 started; log sequence number 1969975
160317  0:22:31 [Note] Event Scheduler: Loaded 0 events
160317  0:22:31 [Note] H:\VisualStudio\BikersWorldC-App-master\PHP-Webserver/mysql/bin/mysqld_usbwv8.exe: ready for connections.
Version: '5.5.20'  socket: ''  port: 3306  MySQL Community Server (GPL)
160317  1:02:51 [Note] Plugin 'FEDERATED' is disabled.
160317  1:02:51 InnoDB: The InnoDB memory heap is disabled
160317  1:02:51 InnoDB: Mutexes and rw_locks use Windows interlocked functions
160317  1:02:51 InnoDB: Compressed tables use zlib 1.2.3
160317  1:02:51 InnoDB: Initializing buffer pool, size = 128.0M
160317  1:02:51 InnoDB: Completed initialization of buffer pool
160317  1:02:51 InnoDB: highest supported file format is Barracuda.
InnoDB: The log sequence number in ibdata files does not match
InnoDB: the log sequence number in the ib_logfiles!
160317  1:02:51  InnoDB: Database was not shut down normally!
InnoDB: Starting crash recovery.
InnoDB: Reading tablespace information from the .ibd files...
InnoDB: Restoring possible half-written data pages from the doublewrite
InnoDB: buffer...
160317  1:02:52  InnoDB: Waiting for the background threads to start
160317  1:02:53 InnoDB: 1.1.8 started; log sequence number 1969985
160317  1:02:53 [Note] Event Scheduler: Loaded 0 events
160317  1:02:53 [Note] D:\OneDrive\VisualStudio\BikersWorldC-App-master\PHP-Webserver/mysql/bin/mysqld_usbwv8.exe: ready for connections.
Version: '5.5.20'  socket: ''  port: 3306  MySQL Community Server (GPL)
160319 19:11:01 [Note] Plugin 'FEDERATED' is disabled.
160319 19:11:01 InnoDB: The InnoDB memory heap is disabled
160319 19:11:01 InnoDB: Mutexes and rw_locks use Windows interlocked functions
160319 19:11:01 InnoDB: Compressed tables use zlib 1.2.3
160319 19:11:01 InnoDB: Initializing buffer pool, size = 128.0M
160319 19:11:01 InnoDB: Completed initialization of buffer pool
160319 19:11:01 InnoDB: highest supported file format is Barracuda.
InnoDB: The log sequence number in ibdata files does not match
InnoDB: the log sequence number in the ib_logfiles!
160319 19:11:01  InnoDB: Database was not shut down normally!
InnoDB: Starting crash recovery.
InnoDB: Reading tablespace information from the .ibd files...
InnoDB: Restoring possible half-written data pages from the doublewrite
InnoDB: buffer...
160319 19:11:02  InnoDB: Waiting for the background threads to start
160319 19:11:03 InnoDB: 1.1.8 started; log sequence number 1969995
160319 23:00:17 [Note] Plugin 'FEDERATED' is disabled.
160319 23:00:17 InnoDB: The InnoDB memory heap is disabled
160319 23:00:17 InnoDB: Mutexes and rw_locks use Windows interlocked functions
160319 23:00:17 InnoDB: Compressed tables use zlib 1.2.3
160319 23:00:17 InnoDB: Initializing buffer pool, size = 128.0M
160319 23:00:17 InnoDB: Completed initialization of buffer pool
160319 23:00:17 InnoDB: highest supported file format is Barracuda.
InnoDB: The log sequence number in ibdata files does not match
InnoDB: the log sequence number in the ib_logfiles!
160319 23:00:17  InnoDB: Database was not shut down normally!
InnoDB: Starting crash recovery.
InnoDB: Reading tablespace information from the .ibd files...
InnoDB: Restoring possible half-written data pages from the doublewrite
InnoDB: buffer...
160319 23:00:17  InnoDB: Waiting for the background threads to start
160319 23:00:18 InnoDB: 1.1.8 started; log sequence number 1970005
160319 23:05:21 [Note] Plugin 'FEDERATED' is disabled.
160319 23:05:21 InnoDB: The InnoDB memory heap is disabled
160319 23:05:21 InnoDB: Mutexes and rw_locks use Windows interlocked functions
160319 23:05:21 InnoDB: Compressed tables use zlib 1.2.3
160319 23:05:21 InnoDB: Initializing buffer pool, size = 128.0M
160319 23:05:21 InnoDB: Completed initialization of buffer pool
160319 23:05:21 InnoDB: highest supported file format is Barracuda.
InnoDB: The log sequence number in ibdata files does not match
InnoDB: the log sequence number in the ib_logfiles!
160319 23:05:21  InnoDB: Database was not shut down normally!
InnoDB: Starting crash recovery.
InnoDB: Reading tablespace information from the .ibd files...
InnoDB: Restoring possible half-written data pages from the doublewrite
InnoDB: buffer...
160319 23:05:21  InnoDB: Waiting for the background threads to start
160319 23:05:22 InnoDB: 1.1.8 started; log sequence number 1970015
160319 23:05:22 [Note] Event Scheduler: Loaded 0 events
160319 23:05:22 [Note] D:\OneDrive\VisualStudio\BikersWorldC-App-master\PHP-Webserver/mysql/bin/mysqld_usbwv8.exe: ready for connections.
Version: '5.5.20'  socket: ''  port: 3306  MySQL Community Server (GPL)
