140707 10:39:23 [Note] Plugin 'FEDERATED' is disabled.
140707 10:39:23 InnoDB: The InnoDB memory heap is disabled
140707 10:39:23 InnoDB: Mutexes and rw_locks use Windows interlocked functions
140707 10:39:23 InnoDB: Compressed tables use zlib 1.2.3
140707 10:39:23 InnoDB: Initializing buffer pool, size = 128.0M
140707 10:39:23 InnoDB: Completed initialization of buffer pool
140707 10:39:24 InnoDB: highest supported file format is Barracuda.
InnoDB: The log sequence number in ibdata files does not match
InnoDB: the log sequence number in the ib_logfiles!
140707 10:39:24  InnoDB: Database was not shut down normally!
InnoDB: Starting crash recovery.
InnoDB: Reading tablespace information from the .ibd files...
InnoDB: Restoring possible half-written data pages from the doublewrite
InnoDB: buffer...
140707 10:39:25  InnoDB: Waiting for the background threads to start
140707 10:39:26 InnoDB: 1.1.8 started; log sequence number 1603234
140707 10:39:28 [Note] Event Scheduler: Loaded 0 events
140707 10:39:28 [Note] \\be-fs-staff\staff\ken.wake\Desktop\usb webserver\USBWebserver v8.5\8.5/mysql/bin/mysqld_usbwv8.exe: ready for connections.
Version: '5.5.20'  socket: ''  port: 3307  MySQL Community Server (GPL)
140707 10:49:35 [Note] Plugin 'FEDERATED' is disabled.
140707 10:49:35 InnoDB: The InnoDB memory heap is disabled
140707 10:49:35 InnoDB: Mutexes and rw_locks use Windows interlocked functions
140707 10:49:35 InnoDB: Compressed tables use zlib 1.2.3
140707 10:49:35 InnoDB: Initializing buffer pool, size = 128.0M
140707 10:49:35 InnoDB: Completed initialization of buffer pool
140707 10:49:35 InnoDB: highest supported file format is Barracuda.
InnoDB: The log sequence number in ibdata files does not match
InnoDB: the log sequence number in the ib_logfiles!
140707 10:49:35  InnoDB: Database was not shut down normally!
InnoDB: Starting crash recovery.
InnoDB: Reading tablespace information from the .ibd files...
InnoDB: Restoring possible half-written data pages from the doublewrite
InnoDB: buffer...
140707 10:49:36  InnoDB: Waiting for the background threads to start
140707 10:49:37 InnoDB: 1.1.8 started; log sequence number 1603234
140707 10:49:38 [Note] Event Scheduler: Loaded 0 events
140707 10:49:38 [Note] \\be-fs-staff\staff\ken.wake\Desktop\usb webserver\USBWebserver v8.5\8.5/mysql/bin/mysqld_usbwv8.exe: ready for connections.
Version: '5.5.20'  socket: ''  port: 3307  MySQL Community Server (GPL)
140707 10:49:54 [Note] Plugin 'FEDERATED' is disabled.
140707 10:49:54 InnoDB: The InnoDB memory heap is disabled
140707 10:49:54 InnoDB: Mutexes and rw_locks use Windows interlocked functions
140707 10:49:54 InnoDB: Compressed tables use zlib 1.2.3
140707 10:49:54 InnoDB: Initializing buffer pool, size = 128.0M
140707 10:49:54 InnoDB: Completed initialization of buffer pool
140707 10:49:54 InnoDB: highest supported file format is Barracuda.
InnoDB: The log sequence number in ibdata files does not match
InnoDB: the log sequence number in the ib_logfiles!
140707 10:49:55  InnoDB: Database was not shut down normally!
InnoDB: Starting crash recovery.
InnoDB: Reading tablespace information from the .ibd files...
InnoDB: Restoring possible half-written data pages from the doublewrite
InnoDB: buffer...
140707 10:49:56  InnoDB: Waiting for the background threads to start
140707 10:49:57 InnoDB: 1.1.8 started; log sequence number 1603234
140707 10:49:58 [Note] Event Scheduler: Loaded 0 events
140707 10:49:58 [Note] \\be-fs-staff\staff\ken.wake\Desktop\usb webserver\USBWebserver v8.5\8.5/mysql/bin/mysqld_usbwv8.exe: ready for connections.
Version: '5.5.20'  socket: ''  port: 3307  MySQL Community Server (GPL)
140707 11:01:34 [Note] Plugin 'FEDERATED' is disabled.
140707 11:01:34 InnoDB: The InnoDB memory heap is disabled
140707 11:01:34 InnoDB: Mutexes and rw_locks use Windows interlocked functions
140707 11:01:34 InnoDB: Compressed tables use zlib 1.2.3
140707 11:01:34 InnoDB: Initializing buffer pool, size = 128.0M
140707 11:01:34 InnoDB: Completed initialization of buffer pool
140707 11:01:34 InnoDB: highest supported file format is Barracuda.
InnoDB: The log sequence number in ibdata files does not match
InnoDB: the log sequence number in the ib_logfiles!
140707 11:01:34  InnoDB: Database was not shut down normally!
InnoDB: Starting crash recovery.
InnoDB: Reading tablespace information from the .ibd files...
InnoDB: Restoring possible half-written data pages from the doublewrite
InnoDB: buffer...
140707 11:01:35  InnoDB: Waiting for the background threads to start
140707 11:01:36 InnoDB: 1.1.8 started; log sequence number 1603234
140707 11:01:37 [Note] Event Scheduler: Loaded 0 events
140707 11:01:37 [Note] \\be-fs-staff\staff\ken.wake\Desktop\usb webserver\USBWebserver v8.5\8.5/mysql/bin/mysqld_usbwv8.exe: ready for connections.
Version: '5.5.20'  socket: ''  port: 3307  MySQL Community Server (GPL)
