140915 16:12:54 [Note] Plugin 'FEDERATED' is disabled.
140915 16:12:54 InnoDB: The InnoDB memory heap is disabled
140915 16:12:54 InnoDB: Mutexes and rw_locks use Windows interlocked functions
140915 16:12:54 InnoDB: Compressed tables use zlib 1.2.3
140915 16:12:54 InnoDB: Initializing buffer pool, size = 128.0M
140915 16:12:54 InnoDB: Completed initialization of buffer pool
140915 16:12:54 InnoDB: highest supported file format is Barracuda.
InnoDB: The log sequence number in ibdata files does not match
InnoDB: the log sequence number in the ib_logfiles!
140915 16:12:54  InnoDB: Database was not shut down normally!
InnoDB: Starting crash recovery.
InnoDB: Reading tablespace information from the .ibd files...
InnoDB: Restoring possible half-written data pages from the doublewrite
InnoDB: buffer...
140915 16:12:57  InnoDB: Waiting for the background threads to start
140915 16:12:58 InnoDB: 1.1.8 started; log sequence number 1607014
140915 16:13:01 [Note] Event Scheduler: Loaded 0 events
140915 16:13:01 [Note] \\be-fs-staff\staff\ken.wake\Desktop\Kens-Webserver/mysql/bin/mysqld_usbwv8.exe: ready for connections.
Version: '5.5.20'  socket: ''  port: 3306  MySQL Community Server (GPL)
140915 16:20:02 [Note] Plugin 'FEDERATED' is disabled.
140915 16:20:03 InnoDB: The InnoDB memory heap is disabled
140915 16:20:03 InnoDB: Mutexes and rw_locks use Windows interlocked functions
140915 16:20:03 InnoDB: Compressed tables use zlib 1.2.3
140915 16:20:03 InnoDB: Initializing buffer pool, size = 128.0M
140915 16:20:03 InnoDB: Completed initialization of buffer pool
140915 16:20:03  InnoDB: Operating system error number 32 in a file operation.
InnoDB: The error means that another program is using InnoDB's files.
InnoDB: This might be a backup or antivirus software or another instance
InnoDB: of MySQL. Please close it to get rid of this error.
140915 16:20:13  InnoDB: Operating system error number 32 in a file operation.
InnoDB: The error means that another program is using InnoDB's files.
InnoDB: This might be a backup or antivirus software or another instance
InnoDB: of MySQL. Please close it to get rid of this error.
140915 16:20:23  InnoDB: Operating system error number 32 in a file operation.
InnoDB: The error means that another program is using InnoDB's files.
InnoDB: This might be a backup or antivirus software or another instance
InnoDB: of MySQL. Please close it to get rid of this error.
140915 16:20:33  InnoDB: Operating system error number 32 in a file operation.
InnoDB: The error means that another program is using InnoDB's files.
InnoDB: This might be a backup or antivirus software or another instance
InnoDB: of MySQL. Please close it to get rid of this error.
140915 16:20:43  InnoDB: Operating system error number 32 in a file operation.
InnoDB: The error means that another program is using InnoDB's files.
InnoDB: This might be a backup or antivirus software or another instance
InnoDB: of MySQL. Please close it to get rid of this error.
140915 16:20:53  InnoDB: Operating system error number 32 in a file operation.
InnoDB: The error means that another program is using InnoDB's files.
InnoDB: This might be a backup or antivirus software or another instance
InnoDB: of MySQL. Please close it to get rid of this error.
140915 16:21:03  InnoDB: Operating system error number 32 in a file operation.
InnoDB: The error means that another program is using InnoDB's files.
InnoDB: This might be a backup or antivirus software or another instance
InnoDB: of MySQL. Please close it to get rid of this error.
140915 16:21:13  InnoDB: Operating system error number 32 in a file operation.
InnoDB: The error means that another program is using InnoDB's files.
InnoDB: This might be a backup or antivirus software or another instance
InnoDB: of MySQL. Please close it to get rid of this error.
140915 16:21:23  InnoDB: Operating system error number 32 in a file operation.
InnoDB: The error means that another program is using InnoDB's files.
InnoDB: This might be a backup or antivirus software or another instance
InnoDB: of MySQL. Please close it to get rid of this error.
140915 16:21:33  InnoDB: Operating system error number 32 in a file operation.
InnoDB: The error means that another program is using InnoDB's files.
InnoDB: This might be a backup or antivirus software or another instance
InnoDB: of MySQL. Please close it to get rid of this error.
140915 16:21:43  InnoDB: Operating system error number 32 in a file operation.
InnoDB: The error means that another program is using InnoDB's files.
InnoDB: This might be a backup or antivirus software or another instance
InnoDB: of MySQL. Please close it to get rid of this error.
140915 16:21:53  InnoDB: Operating system error number 32 in a file operation.
InnoDB: The error means that another program is using InnoDB's files.
InnoDB: This might be a backup or antivirus software or another instance
InnoDB: of MySQL. Please close it to get rid of this error.
140915 16:22:03  InnoDB: Operating system error number 32 in a file operation.
InnoDB: The error means that another program is using InnoDB's files.
InnoDB: This might be a backup or antivirus software or another instance
InnoDB: of MySQL. Please close it to get rid of this error.
140915 16:22:13  InnoDB: Operating system error number 32 in a file operation.
InnoDB: The error means that another program is using InnoDB's files.
InnoDB: This might be a backup or antivirus software or another instance
InnoDB: of MySQL. Please close it to get rid of this error.
140915 16:22:23  InnoDB: Operating system error number 32 in a file operation.
InnoDB: The error means that another program is using InnoDB's files.
InnoDB: This might be a backup or antivirus software or another instance
InnoDB: of MySQL. Please close it to get rid of this error.
140915 16:22:33  InnoDB: Operating system error number 32 in a file operation.
InnoDB: The error means that another program is using InnoDB's files.
InnoDB: This might be a backup or antivirus software or another instance
InnoDB: of MySQL. Please close it to get rid of this error.
140915 16:22:43  InnoDB: Operating system error number 32 in a file operation.
InnoDB: The error means that another program is using InnoDB's files.
InnoDB: This might be a backup or antivirus software or another instance
InnoDB: of MySQL. Please close it to get rid of this error.
140915 16:22:53  InnoDB: Operating system error number 32 in a file operation.
InnoDB: The error means that another program is using InnoDB's files.
InnoDB: This might be a backup or antivirus software or another instance
InnoDB: of MySQL. Please close it to get rid of this error.
140915 16:23:03  InnoDB: Operating system error number 32 in a file operation.
InnoDB: The error means that another program is using InnoDB's files.
InnoDB: This might be a backup or antivirus software or another instance
InnoDB: of MySQL. Please close it to get rid of this error.
140915 16:23:13  InnoDB: Operating system error number 32 in a file operation.
InnoDB: The error means that another program is using InnoDB's files.
InnoDB: This might be a backup or antivirus software or another instance
InnoDB: of MySQL. Please close it to get rid of this error.
140915 16:23:23  InnoDB: Operating system error number 32 in a file operation.
InnoDB: The error means that another program is using InnoDB's files.
InnoDB: This might be a backup or antivirus software or another instance
InnoDB: of MySQL. Please close it to get rid of this error.
140915 16:23:33  InnoDB: Operating system error number 32 in a file operation.
InnoDB: The error means that another program is using InnoDB's files.
InnoDB: This might be a backup or antivirus software or another instance
InnoDB: of MySQL. Please close it to get rid of this error.
140915 16:23:43  InnoDB: Operating system error number 32 in a file operation.
InnoDB: The error means that another program is using InnoDB's files.
InnoDB: This might be a backup or antivirus software or another instance
InnoDB: of MySQL. Please close it to get rid of this error.
140915 16:23:53  InnoDB: Operating system error number 32 in a file operation.
InnoDB: The error means that another program is using InnoDB's files.
InnoDB: This might be a backup or antivirus software or another instance
InnoDB: of MySQL. Please close it to get rid of this error.
140915 16:24:03  InnoDB: Operating system error number 32 in a file operation.
InnoDB: The error means that another program is using InnoDB's files.
InnoDB: This might be a backup or antivirus software or another instance
InnoDB: of MySQL. Please close it to get rid of this error.
140915 16:24:13  InnoDB: Operating system error number 32 in a file operation.
InnoDB: The error means that another program is using InnoDB's files.
InnoDB: This might be a backup or antivirus software or another instance
InnoDB: of MySQL. Please close it to get rid of this error.
140915 16:24:23  InnoDB: Operating system error number 32 in a file operation.
InnoDB: The error means that another program is using InnoDB's files.
InnoDB: This might be a backup or antivirus software or another instance
InnoDB: of MySQL. Please close it to get rid of this error.
140915 16:24:33  InnoDB: Operating system error number 32 in a file operation.
InnoDB: The error means that another program is using InnoDB's files.
InnoDB: This might be a backup or antivirus software or another instance
InnoDB: of MySQL. Please close it to get rid of this error.
140915 16:24:43  InnoDB: Operating system error number 32 in a file operation.
InnoDB: The error means that another program is using InnoDB's files.
InnoDB: This might be a backup or antivirus software or another instance
InnoDB: of MySQL. Please close it to get rid of this error.
140915 16:24:53  InnoDB: Operating system error number 32 in a file operation.
InnoDB: The error means that another program is using InnoDB's files.
InnoDB: This might be a backup or antivirus software or another instance
InnoDB: of MySQL. Please close it to get rid of this error.
140915 16:25:03  InnoDB: Operating system error number 32 in a file operation.
InnoDB: The error means that another program is using InnoDB's files.
InnoDB: This might be a backup or antivirus software or another instance
InnoDB: of MySQL. Please close it to get rid of this error.
140915 16:25:13  InnoDB: Operating system error number 32 in a file operation.
InnoDB: The error means that another program is using InnoDB's files.
InnoDB: This might be a backup or antivirus software or another instance
InnoDB: of MySQL. Please close it to get rid of this error.
140915 16:25:23  InnoDB: Operating system error number 32 in a file operation.
InnoDB: The error means that another program is using InnoDB's files.
InnoDB: This might be a backup or antivirus software or another instance
InnoDB: of MySQL. Please close it to get rid of this error.
140915 16:25:33  InnoDB: Operating system error number 32 in a file operation.
InnoDB: The error means that another program is using InnoDB's files.
InnoDB: This might be a backup or antivirus software or another instance
InnoDB: of MySQL. Please close it to get rid of this error.
140915 16:25:43  InnoDB: Operating system error number 32 in a file operation.
InnoDB: The error means that another program is using InnoDB's files.
InnoDB: This might be a backup or antivirus software or another instance
InnoDB: of MySQL. Please close it to get rid of this error.
140915 16:25:53  InnoDB: Operating system error number 32 in a file operation.
InnoDB: The error means that another program is using InnoDB's files.
InnoDB: This might be a backup or antivirus software or another instance
InnoDB: of MySQL. Please close it to get rid of this error.
140915 16:26:03  InnoDB: Operating system error number 32 in a file operation.
InnoDB: The error means that another program is using InnoDB's files.
InnoDB: This might be a backup or antivirus software or another instance
InnoDB: of MySQL. Please close it to get rid of this error.
140915 16:26:13  InnoDB: Operating system error number 32 in a file operation.
InnoDB: The error means that another program is using InnoDB's files.
InnoDB: This might be a backup or antivirus software or another instance
InnoDB: of MySQL. Please close it to get rid of this error.
140915 16:26:23  InnoDB: Operating system error number 32 in a file operation.
InnoDB: The error means that another program is using InnoDB's files.
InnoDB: This might be a backup or antivirus software or another instance
InnoDB: of MySQL. Please close it to get rid of this error.
140915 16:26:33  InnoDB: Operating system error number 32 in a file operation.
InnoDB: The error means that another program is using InnoDB's files.
InnoDB: This might be a backup or antivirus software or another instance
InnoDB: of MySQL. Please close it to get rid of this error.
140915 16:26:43  InnoDB: Operating system error number 32 in a file operation.
InnoDB: The error means that another program is using InnoDB's files.
InnoDB: This might be a backup or antivirus software or another instance
InnoDB: of MySQL. Please close it to get rid of this error.
140915 16:26:53  InnoDB: Operating system error number 32 in a file operation.
InnoDB: The error means that another program is using InnoDB's files.
InnoDB: This might be a backup or antivirus software or another instance
InnoDB: of MySQL. Please close it to get rid of this error.
140915 16:27:03  InnoDB: Operating system error number 32 in a file operation.
InnoDB: The error means that another program is using InnoDB's files.
InnoDB: This might be a backup or antivirus software or another instance
InnoDB: of MySQL. Please close it to get rid of this error.
140915 16:27:13  InnoDB: Operating system error number 32 in a file operation.
InnoDB: The error means that another program is using InnoDB's files.
InnoDB: This might be a backup or antivirus software or another instance
InnoDB: of MySQL. Please close it to get rid of this error.
140915 16:27:23  InnoDB: Operating system error number 32 in a file operation.
InnoDB: The error means that another program is using InnoDB's files.
InnoDB: This might be a backup or antivirus software or another instance
InnoDB: of MySQL. Please close it to get rid of this error.
140915 16:27:33  InnoDB: Operating system error number 32 in a file operation.
InnoDB: The error means that another program is using InnoDB's files.
InnoDB: This might be a backup or antivirus software or another instance
InnoDB: of MySQL. Please close it to get rid of this error.
140915 16:27:43  InnoDB: Operating system error number 32 in a file operation.
InnoDB: The error means that another program is using InnoDB's files.
InnoDB: This might be a backup or antivirus software or another instance
InnoDB: of MySQL. Please close it to get rid of this error.
140915 16:27:53  InnoDB: Operating system error number 32 in a file operation.
InnoDB: The error means that another program is using InnoDB's files.
InnoDB: This might be a backup or antivirus software or another instance
InnoDB: of MySQL. Please close it to get rid of this error.
140915 16:28:03  InnoDB: Operating system error number 32 in a file operation.
InnoDB: The error means that another program is using InnoDB's files.
InnoDB: This might be a backup or antivirus software or another instance
InnoDB: of MySQL. Please close it to get rid of this error.
140915 16:28:13  InnoDB: Operating system error number 32 in a file operation.
InnoDB: The error means that another program is using InnoDB's files.
InnoDB: This might be a backup or antivirus software or another instance
InnoDB: of MySQL. Please close it to get rid of this error.
140915 16:28:23  InnoDB: Operating system error number 32 in a file operation.
InnoDB: The error means that another program is using InnoDB's files.
InnoDB: This might be a backup or antivirus software or another instance
InnoDB: of MySQL. Please close it to get rid of this error.
140915 16:28:33  InnoDB: Operating system error number 32 in a file operation.
InnoDB: The error means that another program is using InnoDB's files.
InnoDB: This might be a backup or antivirus software or another instance
InnoDB: of MySQL. Please close it to get rid of this error.
140915 16:28:43  InnoDB: Operating system error number 32 in a file operation.
InnoDB: The error means that another program is using InnoDB's files.
InnoDB: This might be a backup or antivirus software or another instance
InnoDB: of MySQL. Please close it to get rid of this error.
140915 16:28:53  InnoDB: Operating system error number 32 in a file operation.
InnoDB: The error means that another program is using InnoDB's files.
InnoDB: This might be a backup or antivirus software or another instance
InnoDB: of MySQL. Please close it to get rid of this error.
140915 16:29:03  InnoDB: Operating system error number 32 in a file operation.
InnoDB: The error means that another program is using InnoDB's files.
InnoDB: This might be a backup or antivirus software or another instance
InnoDB: of MySQL. Please close it to get rid of this error.
140915 16:29:13  InnoDB: Operating system error number 32 in a file operation.
InnoDB: The error means that another program is using InnoDB's files.
InnoDB: This might be a backup or antivirus software or another instance
InnoDB: of MySQL. Please close it to get rid of this error.
140915 16:29:23  InnoDB: Operating system error number 32 in a file operation.
InnoDB: The error means that another program is using InnoDB's files.
InnoDB: This might be a backup or antivirus software or another instance
InnoDB: of MySQL. Please close it to get rid of this error.
140915 16:29:33  InnoDB: Operating system error number 32 in a file operation.
InnoDB: The error means that another program is using InnoDB's files.
InnoDB: This might be a backup or antivirus software or another instance
InnoDB: of MySQL. Please close it to get rid of this error.
140915 16:29:43  InnoDB: Operating system error number 32 in a file operation.
InnoDB: The error means that another program is using InnoDB's files.
InnoDB: This might be a backup or antivirus software or another instance
InnoDB: of MySQL. Please close it to get rid of this error.
