::1 - - [04/May/2016:13:40:18 +0100] "GET /phpmyadmin HTTP/1.1" 301 241
::1 - - [04/May/2016:13:40:18 +0100] "GET /phpmyadmin/ HTTP/1.1" 200 7524
::1 - - [04/May/2016:13:40:18 +0100] "GET /phpmyadmin/phpmyadmin.css.php?server=1&token=eeefa0d32aaae4100bf2ab1a3ebf9576&js_frame=right&nocache=4381367002 HTTP/1.1" 200 43718
::1 - - [04/May/2016:13:40:18 +0100] "GET /phpmyadmin/js/update-location.js?ts=1460455537 HTTP/1.1" 200 760
::1 - - [04/May/2016:13:40:18 +0100] "GET /phpmyadmin/js/functions.js?ts=1460455536 HTTP/1.1" 200 31637
::1 - - [04/May/2016:13:40:18 +0100] "GET /phpmyadmin/js/cross_framing_protection.js?ts=1460455536 HTTP/1.1" 200 332
::1 - - [04/May/2016:13:40:18 +0100] "GET /phpmyadmin/js/jquery/jquery.qtip-1.0.0.min.js?ts=1460455536 HTTP/1.1" 200 38449
::1 - - [04/May/2016:13:40:18 +0100] "GET /phpmyadmin/js/jquery/jquery-1.4.4.js?ts=1460455536 HTTP/1.1" 200 78421
::1 - - [04/May/2016:13:40:18 +0100] "GET /phpmyadmin/js/messages.php?lang=en&db=&token=eeefa0d32aaae4100bf2ab1a3ebf9576 HTTP/1.1" 200 4936
::1 - - [04/May/2016:13:40:24 +0100] "POST /phpmyadmin/index.php HTTP/1.1" 302 -
::1 - - [04/May/2016:13:40:24 +0100] "GET /phpmyadmin/index.php?token=eeefa0d32aaae4100bf2ab1a3ebf9576 HTTP/1.1" 200 2661
::1 - - [04/May/2016:13:40:24 +0100] "GET /phpmyadmin/js/common.js?ts=1460455536 HTTP/1.1" 200 5307
::1 - - [04/May/2016:13:40:24 +0100] "GET /phpmyadmin/navigation.php?token=eeefa0d32aaae4100bf2ab1a3ebf9576 HTTP/1.1" 200 4684
::1 - - [04/May/2016:13:40:24 +0100] "GET /phpmyadmin/main.php?token=eeefa0d32aaae4100bf2ab1a3ebf9576 HTTP/1.1" 200 37938
::1 - - [04/May/2016:13:40:25 +0100] "GET /phpmyadmin/phpmyadmin.css.php?token=eeefa0d32aaae4100bf2ab1a3ebf9576&js_frame=left&nocache=5843732626 HTTP/1.1" 200 6147
::1 - - [04/May/2016:13:40:25 +0100] "GET /phpmyadmin/js/jquery/jquery-ui-1.8.custom.js?ts=1460455536 HTTP/1.1" 200 191148
::1 - - [04/May/2016:13:40:25 +0100] "GET /phpmyadmin/js/jquery/jquery.sprintf.js?ts=1460455536 HTTP/1.1" 200 993
::1 - - [04/May/2016:13:40:25 +0100] "GET /phpmyadmin/js/config.js?ts=1460455536 HTTP/1.1" 200 9504
::1 - - [04/May/2016:13:40:25 +0100] "GET /phpmyadmin/phpmyadmin.css.php?server=1&token=eeefa0d32aaae4100bf2ab1a3ebf9576&js_frame=right&nocache=5843732626 HTTP/1.1" 200 43718
::1 - - [04/May/2016:13:40:26 +0100] "GET /phpmyadmin/server_databases.php?token=eeefa0d32aaae4100bf2ab1a3ebf9576 HTTP/1.1" 200 37060
::1 - - [04/May/2016:13:40:27 +0100] "GET /phpmyadmin/themes/pmahomme/img/b_deltbl.png HTTP/1.1" 200 660
::1 - - [04/May/2016:13:40:27 +0100] "GET /phpmyadmin/themes/pmahomme/img/b_newdb.png HTTP/1.1" 200 658
::1 - - [04/May/2016:13:40:27 +0100] "GET /phpmyadmin/themes/pmahomme/img/b_dbstatistics.png HTTP/1.1" 200 541
::1 - - [04/May/2016:13:40:28 +0100] "GET /phpmyadmin/index.php?db=bikersworld&token=eeefa0d32aaae4100bf2ab1a3ebf9576 HTTP/1.1" 200 2718
::1 - - [04/May/2016:13:40:28 +0100] "GET /phpmyadmin/navigation.php?token=eeefa0d32aaae4100bf2ab1a3ebf9576&db=bikersworld HTTP/1.1" 200 9473
::1 - - [04/May/2016:13:40:28 +0100] "GET /phpmyadmin/db_structure.php?token=eeefa0d32aaae4100bf2ab1a3ebf9576&db=bikersworld HTTP/1.1" 200 39572
::1 - - [04/May/2016:13:40:28 +0100] "GET /phpmyadmin/js/db_structure.js?ts=1460455536 HTTP/1.1" 200 3185
::1 - - [04/May/2016:13:40:28 +0100] "GET /phpmyadmin/js/messages.php?lang=en&db=bikersworld&token=eeefa0d32aaae4100bf2ab1a3ebf9576 HTTP/1.1" 200 4947
::1 - - [04/May/2016:13:40:33 +0100] "GET /phpmyadmin/sql.php?db=bikersworld&token=eeefa0d32aaae4100bf2ab1a3ebf9576&goto=db_structure.php&table=jobs&pos=0 HTTP/1.1" 200 42208
::1 - - [04/May/2016:13:40:33 +0100] "GET /phpmyadmin/js/pMap.js?ts=1460455537 HTTP/1.1" 200 1919
::1 - - [04/May/2016:13:40:33 +0100] "GET /phpmyadmin/js/sql.js?ts=1460455537 HTTP/1.1" 200 15979
::1 - - [04/May/2016:13:40:33 +0100] "GET /phpmyadmin/themes/pmahomme/img/s_tbl.png HTTP/1.1" 200 714
::1 - - [04/May/2016:13:40:33 +0100] "GET /phpmyadmin/themes/pmahomme/img/b_tblexport.png HTTP/1.1" 200 641
::1 - - [04/May/2016:13:40:33 +0100] "GET /phpmyadmin/themes/pmahomme/img/b_tblimport.png HTTP/1.1" 200 629
::1 - - [04/May/2016:13:40:33 +0100] "GET /phpmyadmin/themes/pmahomme/img/s_fulltext.png HTTP/1.1" 200 244
::1 - - [04/May/2016:13:40:33 +0100] "GET /phpmyadmin/themes/pmahomme/img/b_edit.png HTTP/1.1" 200 444
::1 - - [04/May/2016:13:40:33 +0100] "GET /phpmyadmin/themes/pmahomme/img/b_chart.png HTTP/1.1" 200 541
::1 - - [04/May/2016:13:40:33 +0100] "GET /phpmyadmin/themes/pmahomme/img/b_views.png HTTP/1.1" 200 700
::1 - - [04/May/2016:13:40:33 +0100] "GET /phpmyadmin/themes/pmahomme/img/s_success.png HTTP/1.1" 200 537
::1 - - [04/May/2016:13:40:33 +0100] "GET /phpmyadmin/themes/pmahomme/img/b_inline_edit.png HTTP/1.1" 200 618
::1 - - [04/May/2016:13:48:06 +0100] "GET /phpmyadmin/tbl_change.php?db=bikersworld&table=jobs&token=eeefa0d32aaae4100bf2ab1a3ebf9576 HTTP/1.1" 200 82465
::1 - - [04/May/2016:13:48:06 +0100] "GET /phpmyadmin/js/tbl_change.js?ts=1460455537 HTTP/1.1" 200 6528
::1 - - [04/May/2016:13:48:06 +0100] "GET /phpmyadmin/js/jquery/timepicker.js?ts=1460455536 HTTP/1.1" 200 8370
::1 - - [04/May/2016:13:48:06 +0100] "GET /phpmyadmin/js/keyhandler.js HTTP/1.1" 200 858
::1 - - [04/May/2016:13:48:06 +0100] "GET /phpmyadmin/themes/pmahomme/jquery/images/ui-bg_flat_75_ffffff_40x100.png HTTP/1.1" 200 87
::1 - - [04/May/2016:13:48:06 +0100] "GET /phpmyadmin/themes/pmahomme/img/b_calendar.png HTTP/1.1" 200 675
::1 - - [04/May/2016:13:48:41 +0100] "GET /phpmyadmin/sql.php?db=bikersworld&token=eeefa0d32aaae4100bf2ab1a3ebf9576&table=jobs&pos=0 HTTP/1.1" 200 42182
::1 - - [04/May/2016:13:48:43 +0100] "GET /phpmyadmin/tbl_change.php?db=bikersworld&table=jobs&where_clause=%60jobs%60.%60job_id%60+%3D+1&clause_is_unique=1&sql_query=SELECT+%2A+FROM+%60jobs%60&goto=sql.php&default_action=update&token=eeefa0d32aaae4100bf2ab1a3ebf9576 HTTP/1.1" 200 47818
::1 - - [04/May/2016:13:48:49 +0100] "POST /phpmyadmin/tbl_replace.php HTTP/1.1" 200 46136
::1 - - [04/May/2016:14:17:50 +0100] "GET /phpmyadmin/tbl_sql.php?db=bikersworld&table=jobs&token=eeefa0d32aaae4100bf2ab1a3ebf9576 HTTP/1.1" 200 7786
::1 - - [04/May/2016:14:17:50 +0100] "GET /phpmyadmin/themes/pmahomme/img/s_error.png HTTP/1.1" 200 701
::1 - - [04/May/2016:14:17:55 +0100] "POST /phpmyadmin/index.php HTTP/1.1" 302 -
::1 - - [04/May/2016:14:17:55 +0100] "GET /phpmyadmin/index.php?db=bikersworld&table=jobs&target=tbl_sql.php&token=eeefa0d32aaae4100bf2ab1a3ebf9576 HTTP/1.1" 200 2793
::1 - - [04/May/2016:14:17:56 +0100] "GET /phpmyadmin/navigation.php?target=tbl_sql.php&token=eeefa0d32aaae4100bf2ab1a3ebf9576&db=bikersworld&table=jobs HTTP/1.1" 200 9488
::1 - - [04/May/2016:14:17:56 +0100] "GET /phpmyadmin/tbl_sql.php?target=tbl_sql.php&token=eeefa0d32aaae4100bf2ab1a3ebf9576&db=bikersworld&table=jobs HTTP/1.1" 200 10937
::1 - - [04/May/2016:14:41:08 +0100] "GET /phpmyadmin/sql.php?db=bikersworld&token=eeefa0d32aaae4100bf2ab1a3ebf9576&table=jobs&pos=0 HTTP/1.1" 200 42182
::1 - - [04/May/2016:14:44:28 +0100] "GET /phpmyadmin/tbl_sql.php?db=bikersworld&table=jobs&token=eeefa0d32aaae4100bf2ab1a3ebf9576 HTTP/1.1" 200 10914
::1 - - [04/May/2016:14:45:02 +0100] "POST /phpmyadmin/import.php HTTP/1.1" 200 292
::1 - - [04/May/2016:14:46:59 +0100] "POST /phpmyadmin/import.php HTTP/1.1" 200 292
::1 - - [04/May/2016:14:47:15 +0100] "POST /phpmyadmin/import.php HTTP/1.1" 200 292
::1 - - [04/May/2016:14:47:45 +0100] "POST /phpmyadmin/import.php HTTP/1.1" 200 283
::1 - - [04/May/2016:15:00:47 +0100] "GET /phpmyadmin/sql.php?db=bikersworld&token=eeefa0d32aaae4100bf2ab1a3ebf9576&table=jobs&pos=0 HTTP/1.1" 200 42230
::1 - - [04/May/2016:15:08:23 +0100] "POST /phpmyadmin/tbl_row_action.php HTTP/1.1" 200 232315
::1 - - [04/May/2016:15:08:25 +0100] "GET /phpmyadmin/sql.php?db=bikersworld&token=eeefa0d32aaae4100bf2ab1a3ebf9576&table=jobs&pos=0 HTTP/1.1" 200 42230
::1 - - [04/May/2016:15:08:29 +0100] "GET /phpmyadmin/sql.php?db=bikersworld&token=eeefa0d32aaae4100bf2ab1a3ebf9576&table=jobs&pos=0 HTTP/1.1" 200 42230
::1 - - [04/May/2016:15:08:33 +0100] "POST /phpmyadmin/tbl_row_action.php HTTP/1.1" 200 232315
::1 - - [04/May/2016:15:13:29 +0100] "GET /phpmyadmin/sql.php?db=bikersworld&token=eeefa0d32aaae4100bf2ab1a3ebf9576&table=jobs&pos=0 HTTP/1.1" 200 42220
::1 - - [04/May/2016:15:13:37 +0100] "GET /phpmyadmin/index.php?db=bikersworld&token=eeefa0d32aaae4100bf2ab1a3ebf9576 HTTP/1.1" 200 2718
::1 - - [04/May/2016:15:13:37 +0100] "GET /phpmyadmin/js/jquery/jquery-1.4.4.js?ts=1460455536 HTTP/1.1" 304 -
::1 - - [04/May/2016:15:13:37 +0100] "GET /phpmyadmin/js/update-location.js?ts=1460455537 HTTP/1.1" 304 -
::1 - - [04/May/2016:15:13:37 +0100] "GET /phpmyadmin/js/common.js?ts=1460455536 HTTP/1.1" 304 -
::1 - - [04/May/2016:15:13:37 +0100] "GET /phpmyadmin/navigation.php?token=eeefa0d32aaae4100bf2ab1a3ebf9576&db=bikersworld HTTP/1.1" 200 9473
::1 - - [04/May/2016:15:13:37 +0100] "GET /phpmyadmin/js/navigation.js HTTP/1.1" 200 2528
::1 - - [04/May/2016:15:13:37 +0100] "GET /phpmyadmin/js/jquery/jquery-1.4.4.js HTTP/1.1" 200 78421
::1 - - [04/May/2016:15:13:37 +0100] "GET /phpmyadmin/js/functions.js HTTP/1.1" 200 31637
::1 - - [04/May/2016:15:13:37 +0100] "GET /phpmyadmin/themes/pmahomme/img/b_sqlhelp.png HTTP/1.1" 200 579
::1 - - [04/May/2016:15:13:37 +0100] "GET /phpmyadmin/themes/pmahomme/img/s_reload.png HTTP/1.1" 200 608
::1 - - [04/May/2016:15:13:37 +0100] "GET /phpmyadmin/themes/pmahomme/img/b_sbrowse.png HTTP/1.1" 200 566
::1 - - [04/May/2016:15:13:37 +0100] "GET /phpmyadmin/themes/pmahomme/img/b_snewtbl.png HTTP/1.1" 200 733
::1 - - [04/May/2016:15:13:37 +0100] "GET /phpmyadmin/themes/pmahomme/img/logo_left.png HTTP/1.1" 200 4970
::1 - - [04/May/2016:15:13:37 +0100] "GET /phpmyadmin/themes/pmahomme/img/b_docs.png HTTP/1.1" 200 786
::1 - - [04/May/2016:15:13:37 +0100] "GET /phpmyadmin/db_structure.php?token=eeefa0d32aaae4100bf2ab1a3ebf9576&db=bikersworld HTTP/1.1" 200 39572
::1 - - [04/May/2016:15:13:37 +0100] "GET /phpmyadmin/themes/pmahomme/img/b_home.png HTTP/1.1" 200 806
::1 - - [04/May/2016:15:13:37 +0100] "GET /phpmyadmin/themes/pmahomme/img/s_loggoff.png HTTP/1.1" 200 688
::1 - - [04/May/2016:15:13:37 +0100] "GET /phpmyadmin/themes/pmahomme/img/b_selboard.png HTTP/1.1" 200 698
::1 - - [04/May/2016:15:13:37 +0100] "GET /phpmyadmin/phpmyadmin.css.php?token=eeefa0d32aaae4100bf2ab1a3ebf9576&js_frame=left&nocache=5843732626 HTTP/1.1" 200 6147
::1 - - [04/May/2016:15:13:37 +0100] "GET /phpmyadmin/js/cross_framing_protection.js?ts=1460455536 HTTP/1.1" 304 -
::1 - - [04/May/2016:15:13:37 +0100] "GET /phpmyadmin/themes/pmahomme/jquery/jquery-ui-1.8.custom.css HTTP/1.1" 200 31326
::1 - - [04/May/2016:15:13:37 +0100] "GET /phpmyadmin/js/jquery/jquery-1.4.4.js?ts=1460455536 HTTP/1.1" 304 -
::1 - - [04/May/2016:15:13:38 +0100] "GET /phpmyadmin/js/update-location.js?ts=1460455537 HTTP/1.1" 304 -
::1 - - [04/May/2016:15:13:38 +0100] "GET /phpmyadmin/js/jquery/jquery-ui-1.8.custom.js?ts=1460455536 HTTP/1.1" 304 -
::1 - - [04/May/2016:15:13:38 +0100] "GET /phpmyadmin/js/db_structure.js?ts=1460455536 HTTP/1.1" 304 -
::1 - - [04/May/2016:15:13:38 +0100] "GET /phpmyadmin/js/config.js?ts=1460455536 HTTP/1.1" 304 -
::1 - - [04/May/2016:15:13:38 +0100] "GET /phpmyadmin/js/functions.js?ts=1460455536 HTTP/1.1" 304 -
::1 - - [04/May/2016:15:13:38 +0100] "GET /phpmyadmin/js/jquery/jquery.qtip-1.0.0.min.js?ts=1460455536 HTTP/1.1" 304 -
::1 - - [04/May/2016:15:13:38 +0100] "GET /phpmyadmin/themes/pmahomme/img/b_export.png HTTP/1.1" 200 641
::1 - - [04/May/2016:15:13:38 +0100] "GET /phpmyadmin/themes/pmahomme/img/b_import.png HTTP/1.1" 200 629
::1 - - [04/May/2016:15:13:38 +0100] "GET /phpmyadmin/themes/pmahomme/img/b_tblops.png HTTP/1.1" 200 610
::1 - - [04/May/2016:15:13:38 +0100] "GET /phpmyadmin/themes/pmahomme/img/s_rights.png HTTP/1.1" 200 533
::1 - - [04/May/2016:15:13:38 +0100] "GET /phpmyadmin/themes/pmahomme/img/b_help.png HTTP/1.1" 200 1594
::1 - - [04/May/2016:15:13:38 +0100] "GET /phpmyadmin/themes/pmahomme/img/arrow_ltr.png HTTP/1.1" 200 184
::1 - - [04/May/2016:15:13:38 +0100] "GET /phpmyadmin/themes/pmahomme/img/b_tblanalyse.png HTTP/1.1" 200 234
::1 - - [04/May/2016:15:13:38 +0100] "GET /phpmyadmin/themes/pmahomme/img/b_newtbl.png HTTP/1.1" 200 325
::1 - - [04/May/2016:15:13:38 +0100] "GET /phpmyadmin/themes/pmahomme/img/s_host.png HTTP/1.1" 200 667
::1 - - [04/May/2016:15:13:38 +0100] "GET /phpmyadmin/themes/pmahomme/img/item_ltr.png HTTP/1.1" 200 162
::1 - - [04/May/2016:15:13:38 +0100] "GET /phpmyadmin/themes/pmahomme/img/s_db.png HTTP/1.1" 200 390
::1 - - [04/May/2016:15:13:38 +0100] "GET /phpmyadmin/themes/pmahomme/img/b_props.png HTTP/1.1" 200 663
::1 - - [04/May/2016:15:13:38 +0100] "GET /phpmyadmin/themes/pmahomme/img/b_sql.png HTTP/1.1" 200 748
::1 - - [04/May/2016:15:13:38 +0100] "GET /phpmyadmin/themes/pmahomme/img/b_search.png HTTP/1.1" 200 615
::1 - - [04/May/2016:15:13:38 +0100] "GET /phpmyadmin/themes/pmahomme/img/s_asc.png HTTP/1.1" 200 201
::1 - - [04/May/2016:15:13:38 +0100] "GET /phpmyadmin/themes/pmahomme/img/b_browse.png HTTP/1.1" 200 566
::1 - - [04/May/2016:15:13:38 +0100] "GET /phpmyadmin/themes/pmahomme/img/b_select.png HTTP/1.1" 200 680
::1 - - [04/May/2016:15:13:38 +0100] "GET /phpmyadmin/themes/pmahomme/img/b_insrow.png HTTP/1.1" 200 228
::1 - - [04/May/2016:15:13:38 +0100] "GET /phpmyadmin/themes/pmahomme/img/b_empty.png HTTP/1.1" 200 363
::1 - - [04/May/2016:15:13:38 +0100] "GET /phpmyadmin/themes/pmahomme/img/b_drop.png HTTP/1.1" 200 715
::1 - - [04/May/2016:15:13:38 +0100] "GET /phpmyadmin/themes/pmahomme/img/b_print.png HTTP/1.1" 200 731
::1 - - [04/May/2016:15:13:37 +0100] "GET /phpmyadmin/phpmyadmin.css.php?server=1&token=eeefa0d32aaae4100bf2ab1a3ebf9576&js_frame=right&nocache=5843732626 HTTP/1.1" 200 43718
::1 - - [04/May/2016:15:13:38 +0100] "GET /phpmyadmin/themes/pmahomme/img/window-new.png HTTP/1.1" 200 583
::1 - - [04/May/2016:15:13:38 +0100] "GET /phpmyadmin/print.css HTTP/1.1" 200 1133
::1 - - [04/May/2016:15:13:38 +0100] "GET /phpmyadmin/themes/pmahomme/img/left_nav_bg.png HTTP/1.1" 200 215
::1 - - [04/May/2016:15:13:38 +0100] "GET /phpmyadmin/themes/pmahomme/img/input_bg.gif HTTP/1.1" 200 162
::1 - - [04/May/2016:15:13:38 +0100] "GET /phpmyadmin/js/messages.php?lang=en&db=bikersworld&token=eeefa0d32aaae4100bf2ab1a3ebf9576 HTTP/1.1" 200 4947
::1 - - [04/May/2016:15:13:38 +0100] "GET /phpmyadmin/themes/pmahomme/img/s_notice.png HTTP/1.1" 200 666
::1 - - [04/May/2016:15:13:38 +0100] "GET /phpmyadmin/themes/pmahomme/img/tab_bg.png HTTP/1.1" 200 160
::1 - - [04/May/2016:15:13:38 +0100] "GET /phpmyadmin/themes/pmahomme/img/input_bg.gif HTTP/1.1" 304 -
::1 - - [04/May/2016:15:13:38 +0100] "GET /phpmyadmin/themes/pmahomme/img/b_more.png HTTP/1.1" 200 1002
::1 - - [04/May/2016:15:13:38 +0100] "GET /phpmyadmin/favicon.ico HTTP/1.1" 200 18902
::1 - - [04/May/2016:15:13:39 +0100] "GET /phpmyadmin/sql.php?db=bikersworld&token=eeefa0d32aaae4100bf2ab1a3ebf9576&goto=db_structure.php&table=jobs&pos=0 HTTP/1.1" 200 42246
::1 - - [04/May/2016:15:13:56 +0100] "GET /phpmyadmin/index.php?db=bikersworld&token=eeefa0d32aaae4100bf2ab1a3ebf9576 HTTP/1.1" 200 2718
::1 - - [04/May/2016:15:13:56 +0100] "GET /phpmyadmin/js/jquery/jquery-1.4.4.js?ts=1460455536 HTTP/1.1" 304 -
::1 - - [04/May/2016:15:13:56 +0100] "GET /phpmyadmin/js/update-location.js?ts=1460455537 HTTP/1.1" 304 -
::1 - - [04/May/2016:15:13:56 +0100] "GET /phpmyadmin/js/common.js?ts=1460455536 HTTP/1.1" 304 -
::1 - - [04/May/2016:15:13:56 +0100] "GET /phpmyadmin/navigation.php?token=eeefa0d32aaae4100bf2ab1a3ebf9576&db=bikersworld HTTP/1.1" 200 9473
::1 - - [04/May/2016:15:13:56 +0100] "GET /phpmyadmin/js/jquery/jquery-1.4.4.js HTTP/1.1" 304 -
::1 - - [04/May/2016:15:13:56 +0100] "GET /phpmyadmin/js/navigation.js HTTP/1.1" 304 -
::1 - - [04/May/2016:15:13:56 +0100] "GET /phpmyadmin/js/functions.js HTTP/1.1" 304 -
::1 - - [04/May/2016:15:13:56 +0100] "GET /phpmyadmin/themes/pmahomme/img/logo_left.png HTTP/1.1" 304 -
::1 - - [04/May/2016:15:13:56 +0100] "GET /phpmyadmin/themes/pmahomme/img/b_docs.png HTTP/1.1" 304 -
::1 - - [04/May/2016:15:13:56 +0100] "GET /phpmyadmin/themes/pmahomme/img/b_sqlhelp.png HTTP/1.1" 304 -
::1 - - [04/May/2016:15:13:56 +0100] "GET /phpmyadmin/themes/pmahomme/img/b_sbrowse.png HTTP/1.1" 304 -
::1 - - [04/May/2016:15:13:56 +0100] "GET /phpmyadmin/themes/pmahomme/img/b_snewtbl.png HTTP/1.1" 304 -
::1 - - [04/May/2016:15:13:56 +0100] "GET /phpmyadmin/themes/pmahomme/img/s_reload.png HTTP/1.1" 304 -
::1 - - [04/May/2016:15:13:56 +0100] "GET /phpmyadmin/themes/pmahomme/img/s_loggoff.png HTTP/1.1" 304 -
::1 - - [04/May/2016:15:13:56 +0100] "GET /phpmyadmin/themes/pmahomme/img/b_selboard.png HTTP/1.1" 304 -
::1 - - [04/May/2016:15:13:56 +0100] "GET /phpmyadmin/themes/pmahomme/img/b_home.png HTTP/1.1" 304 -
::1 - - [04/May/2016:15:13:56 +0100] "GET /phpmyadmin/db_structure.php?token=eeefa0d32aaae4100bf2ab1a3ebf9576&db=bikersworld HTTP/1.1" 200 39572
::1 - - [04/May/2016:15:13:56 +0100] "GET /phpmyadmin/phpmyadmin.css.php?token=eeefa0d32aaae4100bf2ab1a3ebf9576&js_frame=left&nocache=5843732626 HTTP/1.1" 200 6147
::1 - - [04/May/2016:15:13:56 +0100] "GET /phpmyadmin/themes/pmahomme/jquery/jquery-ui-1.8.custom.css HTTP/1.1" 304 -
::1 - - [04/May/2016:15:13:56 +0100] "GET /phpmyadmin/js/cross_framing_protection.js?ts=1460455536 HTTP/1.1" 304 -
::1 - - [04/May/2016:15:13:56 +0100] "GET /phpmyadmin/js/update-location.js?ts=1460455537 HTTP/1.1" 304 -
::1 - - [04/May/2016:15:13:56 +0100] "GET /phpmyadmin/js/jquery/jquery-1.4.4.js?ts=1460455536 HTTP/1.1" 304 -
::1 - - [04/May/2016:15:13:56 +0100] "GET /phpmyadmin/js/jquery/jquery-ui-1.8.custom.js?ts=1460455536 HTTP/1.1" 304 -
::1 - - [04/May/2016:15:13:56 +0100] "GET /phpmyadmin/js/db_structure.js?ts=1460455536 HTTP/1.1" 304 -
::1 - - [04/May/2016:15:13:56 +0100] "GET /phpmyadmin/js/config.js?ts=1460455536 HTTP/1.1" 304 -
::1 - - [04/May/2016:15:13:56 +0100] "GET /phpmyadmin/js/functions.js?ts=1460455536 HTTP/1.1" 304 -
::1 - - [04/May/2016:15:13:56 +0100] "GET /phpmyadmin/js/jquery/jquery.qtip-1.0.0.min.js?ts=1460455536 HTTP/1.1" 304 -
::1 - - [04/May/2016:15:13:56 +0100] "GET /phpmyadmin/themes/pmahomme/img/b_export.png HTTP/1.1" 304 -
::1 - - [04/May/2016:15:13:56 +0100] "GET /phpmyadmin/themes/pmahomme/img/b_import.png HTTP/1.1" 304 -
::1 - - [04/May/2016:15:13:56 +0100] "GET /phpmyadmin/themes/pmahomme/img/b_tblops.png HTTP/1.1" 304 -
::1 - - [04/May/2016:15:13:56 +0100] "GET /phpmyadmin/themes/pmahomme/img/s_rights.png HTTP/1.1" 304 -
::1 - - [04/May/2016:15:13:56 +0100] "GET /phpmyadmin/themes/pmahomme/img/b_help.png HTTP/1.1" 304 -
::1 - - [04/May/2016:15:13:56 +0100] "GET /phpmyadmin/themes/pmahomme/img/arrow_ltr.png HTTP/1.1" 304 -
::1 - - [04/May/2016:15:13:56 +0100] "GET /phpmyadmin/themes/pmahomme/img/b_tblanalyse.png HTTP/1.1" 304 -
::1 - - [04/May/2016:15:13:56 +0100] "GET /phpmyadmin/themes/pmahomme/img/b_newtbl.png HTTP/1.1" 304 -
::1 - - [04/May/2016:15:13:56 +0100] "GET /phpmyadmin/themes/pmahomme/img/s_host.png HTTP/1.1" 304 -
::1 - - [04/May/2016:15:13:56 +0100] "GET /phpmyadmin/themes/pmahomme/img/item_ltr.png HTTP/1.1" 304 -
::1 - - [04/May/2016:15:13:56 +0100] "GET /phpmyadmin/themes/pmahomme/img/s_db.png HTTP/1.1" 304 -
::1 - - [04/May/2016:15:13:56 +0100] "GET /phpmyadmin/themes/pmahomme/img/b_props.png HTTP/1.1" 304 -
::1 - - [04/May/2016:15:13:56 +0100] "GET /phpmyadmin/themes/pmahomme/img/b_sql.png HTTP/1.1" 304 -
::1 - - [04/May/2016:15:13:56 +0100] "GET /phpmyadmin/themes/pmahomme/img/b_search.png HTTP/1.1" 304 -
::1 - - [04/May/2016:15:13:56 +0100] "GET /phpmyadmin/themes/pmahomme/img/b_browse.png HTTP/1.1" 304 -
::1 - - [04/May/2016:15:13:56 +0100] "GET /phpmyadmin/themes/pmahomme/img/s_asc.png HTTP/1.1" 304 -
::1 - - [04/May/2016:15:13:56 +0100] "GET /phpmyadmin/themes/pmahomme/img/b_select.png HTTP/1.1" 304 -
::1 - - [04/May/2016:15:13:56 +0100] "GET /phpmyadmin/themes/pmahomme/img/b_insrow.png HTTP/1.1" 304 -
::1 - - [04/May/2016:15:13:56 +0100] "GET /phpmyadmin/themes/pmahomme/img/b_empty.png HTTP/1.1" 304 -
::1 - - [04/May/2016:15:13:56 +0100] "GET /phpmyadmin/themes/pmahomme/img/b_drop.png HTTP/1.1" 304 -
::1 - - [04/May/2016:15:13:56 +0100] "GET /phpmyadmin/themes/pmahomme/img/b_print.png HTTP/1.1" 304 -
::1 - - [04/May/2016:15:13:56 +0100] "GET /phpmyadmin/themes/pmahomme/img/window-new.png HTTP/1.1" 304 -
::1 - - [04/May/2016:15:13:56 +0100] "GET /phpmyadmin/print.css HTTP/1.1" 304 -
::1 - - [04/May/2016:15:13:56 +0100] "GET /phpmyadmin/phpmyadmin.css.php?server=1&token=eeefa0d32aaae4100bf2ab1a3ebf9576&js_frame=right&nocache=5843732626 HTTP/1.1" 200 43718
::1 - - [04/May/2016:15:13:56 +0100] "GET /phpmyadmin/themes/pmahomme/img/left_nav_bg.png HTTP/1.1" 304 -
::1 - - [04/May/2016:15:13:56 +0100] "GET /phpmyadmin/themes/pmahomme/img/input_bg.gif HTTP/1.1" 304 -
::1 - - [04/May/2016:15:13:56 +0100] "GET /phpmyadmin/js/messages.php?lang=en&db=bikersworld&token=eeefa0d32aaae4100bf2ab1a3ebf9576 HTTP/1.1" 200 4947
::1 - - [04/May/2016:15:13:57 +0100] "GET /phpmyadmin/themes/pmahomme/img/s_notice.png HTTP/1.1" 304 -
::1 - - [04/May/2016:15:13:57 +0100] "GET /phpmyadmin/themes/pmahomme/img/tab_bg.png HTTP/1.1" 304 -
::1 - - [04/May/2016:15:13:57 +0100] "GET /phpmyadmin/themes/pmahomme/img/input_bg.gif HTTP/1.1" 304 -
::1 - - [04/May/2016:15:13:57 +0100] "GET /phpmyadmin/themes/pmahomme/img/b_more.png HTTP/1.1" 304 -
::1 - - [04/May/2016:15:13:57 +0100] "GET /phpmyadmin/favicon.ico HTTP/1.1" 200 18902
::1 - - [04/May/2016:15:13:58 +0100] "GET /phpmyadmin/sql.php?db=bikersworld&token=eeefa0d32aaae4100bf2ab1a3ebf9576&goto=db_structure.php&table=jobs&pos=0 HTTP/1.1" 200 42246
